{"/home/alex/Projects/seshat/src/components/chapter/ChapterToolbar.tsx": {"path":"/home/alex/Projects/seshat/src/components/chapter/ChapterToolbar.tsx","statementMap":{"0":{"start":{"line":23,"column":2},"end":{"line":76,"column":null}}},"fnMap":{"0":{"name":"ChapterToolbar","decl":{"start":{"line":14,"column":16},"end":{"line":14,"column":31}},"loc":{"start":{"line":22,"column":24},"end":{"line":78,"column":null}},"line":22}},"branchMap":{"0":{"loc":{"start":{"line":24,"column":46},"end":{"line":24,"column":76}},"type":"cond-expr","locations":[{"start":{"line":24,"column":58},"end":{"line":24,"column":73}},{"start":{"line":24,"column":73},"end":{"line":24,"column":76}}],"line":24},"1":{"loc":{"start":{"line":24,"column":79},"end":{"line":24,"column":null}},"type":"cond-expr","locations":[{"start":{"line":24,"column":92},"end":{"line":24,"column":105}},{"start":{"line":24,"column":105},"end":{"line":24,"column":null}}],"line":24},"2":{"loc":{"start":{"line":28,"column":18},"end":{"line":28,"column":null}},"type":"binary-expr","locations":[{"start":{"line":28,"column":18},"end":{"line":28,"column":30}},{"start":{"line":28,"column":30},"end":{"line":28,"column":null}}],"line":28},"3":{"loc":{"start":{"line":37,"column":20},"end":{"line":37,"column":null}},"type":"cond-expr","locations":[{"start":{"line":37,"column":44},"end":{"line":37,"column":50}},{"start":{"line":37,"column":50},"end":{"line":37,"column":null}}],"line":37},"4":{"loc":{"start":{"line":37,"column":20},"end":{"line":37,"column":44}},"type":"binary-expr","locations":[{"start":{"line":37,"column":20},"end":{"line":37,"column":32}},{"start":{"line":37,"column":32},"end":{"line":37,"column":44}}],"line":37},"5":{"loc":{"start":{"line":38,"column":19},"end":{"line":38,"column":null}},"type":"cond-expr","locations":[{"start":{"line":38,"column":43},"end":{"line":38,"column":55}},{"start":{"line":38,"column":55},"end":{"line":38,"column":null}}],"line":38},"6":{"loc":{"start":{"line":38,"column":19},"end":{"line":38,"column":43}},"type":"binary-expr","locations":[{"start":{"line":38,"column":19},"end":{"line":38,"column":31}},{"start":{"line":38,"column":31},"end":{"line":38,"column":43}}],"line":38},"7":{"loc":{"start":{"line":42,"column":9},"end":{"line":42,"column":null}},"type":"cond-expr","locations":[{"start":{"line":42,"column":20},"end":{"line":42,"column":34}},{"start":{"line":42,"column":34},"end":{"line":42,"column":null}}],"line":42},"8":{"loc":{"start":{"line":50,"column":17},"end":{"line":50,"column":null}},"type":"cond-expr","locations":[{"start":{"line":50,"column":29},"end":{"line":50,"column":53}},{"start":{"line":50,"column":53},"end":{"line":50,"column":null}}],"line":50},"9":{"loc":{"start":{"line":51,"column":24},"end":{"line":51,"column":null}},"type":"cond-expr","locations":[{"start":{"line":51,"column":36},"end":{"line":51,"column":70}},{"start":{"line":51,"column":70},"end":{"line":51,"column":null}}],"line":51}},"s":{"0":17},"f":{"0":17},"b":{"0":[0,17],"1":[0,17],"2":[17,3],"3":[15,2],"4":[17,3],"5":[15,2],"6":[17,3],"7":[1,16],"8":[0,17],"9":[0,17]},"meta":{"lastBranch":10,"lastFunction":1,"lastStatement":1,"seen":{"f:14:16:14:31":0,"s:23:2:76:Infinity":0,"b:24:58:24:73:24:73:24:76":0,"b:24:92:24:105:24:105:24:Infinity":1,"b:28:18:28:30:28:30:28:Infinity":2,"b:37:44:37:50:37:50:37:Infinity":3,"b:37:20:37:32:37:32:37:44":4,"b:38:43:38:55:38:55:38:Infinity":5,"b:38:19:38:31:38:31:38:43":6,"b:42:20:42:34:42:34:42:Infinity":7,"b:50:29:50:53:50:53:50:Infinity":8,"b:51:36:51:70:51:70:51:Infinity":9},"fnNames":{}}}
,"/home/alex/Projects/seshat/src/components/chapter/CharCard.tsx": {"path":"/home/alex/Projects/seshat/src/components/chapter/CharCard.tsx","statementMap":{"0":{"start":{"line":10,"column":15},"end":{"line":10,"column":null}},"1":{"start":{"line":11,"column":22},"end":{"line":13,"column":null}},"2":{"start":{"line":12,"column":20},"end":{"line":12,"column":35}},"3":{"start":{"line":13,"column":11},"end":{"line":13,"column":55}},"4":{"start":{"line":14,"column":15},"end":{"line":14,"column":null}},"5":{"start":{"line":16,"column":2},"end":{"line":113,"column":null}},"6":{"start":{"line":25,"column":23},"end":{"line":25,"column":null}},"7":{"start":{"line":25,"column":38},"end":{"line":25,"column":40}},"8":{"start":{"line":106,"column":28},"end":{"line":106,"column":35}}},"fnMap":{"0":{"name":"CharCard","decl":{"start":{"line":9,"column":16},"end":{"line":9,"column":25}},"loc":{"start":{"line":9,"column":58},"end":{"line":115,"column":null}},"line":9},"1":{"name":"(anonymous_1)","decl":{"start":{"line":12,"column":5},"end":{"line":12,"column":11}},"loc":{"start":{"line":12,"column":20},"end":{"line":12,"column":35}},"line":12},"2":{"name":"(anonymous_2)","decl":{"start":{"line":13,"column":5},"end":{"line":13,"column":11}},"loc":{"start":{"line":13,"column":11},"end":{"line":13,"column":55}},"line":13},"3":{"name":"(anonymous_3)","decl":{"start":{"line":25,"column":8},"end":{"line":25,"column":23}},"loc":{"start":{"line":25,"column":23},"end":{"line":25,"column":null}},"line":25},"4":{"name":"(anonymous_4)","decl":{"start":{"line":25,"column":23},"end":{"line":25,"column":32}},"loc":{"start":{"line":25,"column":38},"end":{"line":25,"column":40}},"line":25},"5":{"name":"(anonymous_5)","decl":{"start":{"line":106,"column":17},"end":{"line":106,"column":22}},"loc":{"start":{"line":106,"column":28},"end":{"line":106,"column":35}},"line":106}},"branchMap":{"0":{"loc":{"start":{"line":13,"column":18},"end":{"line":13,"column":38}},"type":"binary-expr","locations":[{"start":{"line":13,"column":18},"end":{"line":13,"column":34}},{"start":{"line":13,"column":34},"end":{"line":13,"column":38}}],"line":13},"1":{"loc":{"start":{"line":14,"column":15},"end":{"line":14,"column":null}},"type":"cond-expr","locations":[{"start":{"line":14,"column":29},"end":{"line":14,"column":71}},{"start":{"line":14,"column":71},"end":{"line":14,"column":null}}],"line":14},"2":{"loc":{"start":{"line":14,"column":29},"end":{"line":14,"column":71}},"type":"binary-expr","locations":[{"start":{"line":14,"column":29},"end":{"line":14,"column":66}},{"start":{"line":14,"column":66},"end":{"line":14,"column":71}}],"line":14},"3":{"loc":{"start":{"line":41,"column":11},"end":{"line":41,"column":null}},"type":"cond-expr","locations":[{"start":{"line":41,"column":18},"end":{"line":41,"column":24}},{"start":{"line":41,"column":24},"end":{"line":41,"column":null}}],"line":41},"4":{"loc":{"start":{"line":44,"column":9},"end":{"line":53,"column":null}},"type":"binary-expr","locations":[{"start":{"line":44,"column":9},"end":{"line":44,"column":null}},{"start":{"line":45,"column":10},"end":{"line":53,"column":null}}],"line":44},"5":{"loc":{"start":{"line":56,"column":7},"end":{"line":113,"column":null}},"type":"binary-expr","locations":[{"start":{"line":56,"column":7},"end":{"line":56,"column":null}},{"start":{"line":57,"column":8},"end":{"line":113,"column":null}}],"line":56},"6":{"loc":{"start":{"line":65,"column":11},"end":{"line":69,"column":null}},"type":"binary-expr","locations":[{"start":{"line":65,"column":11},"end":{"line":65,"column":null}},{"start":{"line":66,"column":12},"end":{"line":69,"column":null}}],"line":65},"7":{"loc":{"start":{"line":71,"column":11},"end":{"line":75,"column":null}},"type":"binary-expr","locations":[{"start":{"line":71,"column":11},"end":{"line":71,"column":null}},{"start":{"line":72,"column":12},"end":{"line":75,"column":null}}],"line":71},"8":{"loc":{"start":{"line":77,"column":11},"end":{"line":81,"column":null}},"type":"binary-expr","locations":[{"start":{"line":77,"column":11},"end":{"line":77,"column":null}},{"start":{"line":78,"column":12},"end":{"line":81,"column":null}}],"line":77},"9":{"loc":{"start":{"line":83,"column":11},"end":{"line":87,"column":null}},"type":"binary-expr","locations":[{"start":{"line":83,"column":11},"end":{"line":83,"column":null}},{"start":{"line":84,"column":12},"end":{"line":87,"column":null}}],"line":83},"10":{"loc":{"start":{"line":89,"column":11},"end":{"line":94,"column":null}},"type":"binary-expr","locations":[{"start":{"line":89,"column":11},"end":{"line":89,"column":null}},{"start":{"line":90,"column":12},"end":{"line":94,"column":null}}],"line":89},"11":{"loc":{"start":{"line":93,"column":15},"end":{"line":93,"column":null}},"type":"cond-expr","locations":[{"start":{"line":93,"column":31},"end":{"line":93,"column":55}},{"start":{"line":93,"column":55},"end":{"line":93,"column":null}}],"line":93},"12":{"loc":{"start":{"line":96,"column":11},"end":{"line":100,"column":null}},"type":"binary-expr","locations":[{"start":{"line":96,"column":11},"end":{"line":96,"column":null}},{"start":{"line":97,"column":12},"end":{"line":100,"column":null}}],"line":96},"13":{"loc":{"start":{"line":102,"column":12},"end":{"line":109,"column":null}},"type":"binary-expr","locations":[{"start":{"line":102,"column":12},"end":{"line":102,"column":null}},{"start":{"line":103,"column":12},"end":{"line":109,"column":null}}],"line":102},"14":{"loc":{"start":{"line":102,"column":12},"end":{"line":102,"column":32}},"type":"binary-expr","locations":[{"start":{"line":102,"column":12},"end":{"line":102,"column":28}},{"start":{"line":102,"column":28},"end":{"line":102,"column":32}}],"line":102}},"s":{"0":10,"1":10,"2":10,"3":20,"4":10,"5":10,"6":0,"7":0,"8":0},"f":{"0":10,"1":10,"2":20,"3":0,"4":0,"5":0},"b":{"0":[20,20],"1":[0,10],"2":[0,0],"3":[0,10],"4":[10,0],"5":[10,0],"6":[0,0],"7":[0,0],"8":[0,0],"9":[0,0],"10":[0,0],"11":[0,0],"12":[0,0],"13":[0,0],"14":[0,0]},"meta":{"lastBranch":15,"lastFunction":6,"lastStatement":9,"seen":{"f:9:16:9:25":0,"s:10:15:10:Infinity":0,"s:11:22:13:Infinity":1,"f:12:5:12:11":1,"s:12:20:12:35":2,"f:13:5:13:11":2,"s:13:11:13:55":3,"b:13:18:13:34:13:34:13:38":0,"s:14:15:14:Infinity":4,"b:14:29:14:71:14:71:14:Infinity":1,"b:14:29:14:66:14:66:14:71":2,"s:16:2:113:Infinity":5,"f:25:8:25:23":3,"s:25:23:25:Infinity":6,"f:25:23:25:32":4,"s:25:38:25:40":7,"b:41:18:41:24:41:24:41:Infinity":3,"b:44:9:44:Infinity:45:10:53:Infinity":4,"b:56:7:56:Infinity:57:8:113:Infinity":5,"b:65:11:65:Infinity:66:12:69:Infinity":6,"b:71:11:71:Infinity:72:12:75:Infinity":7,"b:77:11:77:Infinity:78:12:81:Infinity":8,"b:83:11:83:Infinity:84:12:87:Infinity":9,"b:89:11:89:Infinity:90:12:94:Infinity":10,"b:93:31:93:55:93:55:93:Infinity":11,"b:96:11:96:Infinity:97:12:100:Infinity":12,"b:102:12:102:Infinity:103:12:109:Infinity":13,"b:102:12:102:28:102:28:102:32":14,"f:106:17:106:22":5,"s:106:28:106:35":8},"fnNames":{}}}
,"/home/alex/Projects/seshat/src/components/chapter/ContextTag.tsx": {"path":"/home/alex/Projects/seshat/src/components/chapter/ContextTag.tsx","statementMap":{"0":{"start":{"line":10,"column":13},"end":{"line":37,"column":null}},"1":{"start":{"line":16,"column":2},"end":{"line":35,"column":null}}},"fnMap":{"0":{"name":"ContextTag","decl":{"start":{"line":10,"column":40},"end":{"line":10,"column":51}},"loc":{"start":{"line":15,"column":20},"end":{"line":37,"column":1}},"line":15}},"branchMap":{"0":{"loc":{"start":{"line":23,"column":29},"end":{"line":23,"column":null}},"type":"cond-expr","locations":[{"start":{"line":23,"column":38},"end":{"line":23,"column":71}},{"start":{"line":23,"column":71},"end":{"line":23,"column":null}}],"line":23},"1":{"loc":{"start":{"line":23,"column":38},"end":{"line":23,"column":71}},"type":"binary-expr","locations":[{"start":{"line":23,"column":38},"end":{"line":23,"column":47}},{"start":{"line":23,"column":47},"end":{"line":23,"column":71}}],"line":23},"2":{"loc":{"start":{"line":24,"column":20},"end":{"line":26,"column":null}},"type":"cond-expr","locations":[{"start":{"line":25,"column":12},"end":{"line":25,"column":null}},{"start":{"line":26,"column":12},"end":{"line":26,"column":null}}],"line":24},"3":{"loc":{"start":{"line":25,"column":15},"end":{"line":25,"column":46}},"type":"binary-expr","locations":[{"start":{"line":25,"column":15},"end":{"line":25,"column":24}},{"start":{"line":25,"column":24},"end":{"line":25,"column":46}}],"line":25},"4":{"loc":{"start":{"line":27,"column":15},"end":{"line":27,"column":null}},"type":"cond-expr","locations":[{"start":{"line":27,"column":24},"end":{"line":27,"column":57}},{"start":{"line":27,"column":57},"end":{"line":27,"column":null}}],"line":27},"5":{"loc":{"start":{"line":27,"column":24},"end":{"line":27,"column":57}},"type":"binary-expr","locations":[{"start":{"line":27,"column":24},"end":{"line":27,"column":33}},{"start":{"line":27,"column":33},"end":{"line":27,"column":57}}],"line":27}},"s":{"0":2,"1":2},"f":{"0":2},"b":{"0":[0,2],"1":[0,0],"2":[0,2],"3":[0,0],"4":[0,2],"5":[0,0]},"meta":{"lastBranch":6,"lastFunction":1,"lastStatement":2,"seen":{"s:10:13:37:Infinity":0,"f:10:40:10:51":0,"s:16:2:35:Infinity":1,"b:23:38:23:71:23:71:23:Infinity":0,"b:23:38:23:47:23:47:23:71":1,"b:25:12:25:Infinity:26:12:26:Infinity":2,"b:25:15:25:24:25:24:25:46":3,"b:27:24:27:57:27:57:27:Infinity":4,"b:27:24:27:33:27:33:27:57":5},"fnNames":{}}}
,"/home/alex/Projects/seshat/src/components/chapter/ContinuityTracker.tsx": {"path":"/home/alex/Projects/seshat/src/components/chapter/ContinuityTracker.tsx","statementMap":{"0":{"start":{"line":14,"column":8},"end":{"line":23,"column":null}},"1":{"start":{"line":15,"column":4},"end":{"line":22,"column":null}},"2":{"start":{"line":16,"column":6},"end":{"line":16,"column":null}},"3":{"start":{"line":16,"column":40},"end":{"line":16,"column":null}},"4":{"start":{"line":18,"column":6},"end":{"line":18,"column":null}},"5":{"start":{"line":18,"column":54},"end":{"line":18,"column":null}},"6":{"start":{"line":20,"column":6},"end":{"line":20,"column":null}},"7":{"start":{"line":20,"column":33},"end":{"line":20,"column":null}},"8":{"start":{"line":21,"column":6},"end":{"line":21,"column":null}},"9":{"start":{"line":26,"column":8},"end":{"line":57,"column":null}},"10":{"start":{"line":32,"column":9},"end":{"line":32,"column":null}},"11":{"start":{"line":34,"column":4},"end":{"line":54,"column":null}},"12":{"start":{"line":35,"column":6},"end":{"line":42,"column":null}},"13":{"start":{"line":36,"column":8},"end":{"line":41,"column":null}},"14":{"start":{"line":44,"column":6},"end":{"line":53,"column":null}},"15":{"start":{"line":45,"column":8},"end":{"line":52,"column":null}},"16":{"start":{"line":46,"column":10},"end":{"line":51,"column":null}},"17":{"start":{"line":56,"column":4},"end":{"line":56,"column":null}},"18":{"start":{"line":59,"column":2},"end":{"line":67,"column":null}},"19":{"start":{"line":60,"column":4},"end":{"line":65,"column":null}},"20":{"start":{"line":69,"column":2},"end":{"line":77,"column":null}},"21":{"start":{"line":70,"column":4},"end":{"line":75,"column":null}},"22":{"start":{"line":79,"column":2},"end":{"line":107,"column":null}},"23":{"start":{"line":93,"column":10},"end":{"line":104,"column":null}}},"fnMap":{"0":{"name":"ContinuityTracker","decl":{"start":{"line":12,"column":16},"end":{"line":12,"column":34}},"loc":{"start":{"line":12,"column":78},"end":{"line":109,"column":null}},"line":12},"1":{"name":"(anonymous_1)","decl":{"start":{"line":14,"column":27},"end":{"line":14,"column":41}},"loc":{"start":{"line":14,"column":41},"end":{"line":23,"column":5}},"line":14},"2":{"name":"(anonymous_2)","decl":{"start":{"line":15,"column":22},"end":{"line":15,"column":29}},"loc":{"start":{"line":15,"column":34},"end":{"line":22,"column":5}},"line":15},"3":{"name":"(anonymous_3)","decl":{"start":{"line":26,"column":22},"end":{"line":26,"column":36}},"loc":{"start":{"line":26,"column":36},"end":{"line":57,"column":5}},"line":26},"4":{"name":"(anonymous_4)","decl":{"start":{"line":34,"column":21},"end":{"line":34,"column":29}},"loc":{"start":{"line":34,"column":34},"end":{"line":54,"column":5}},"line":34},"5":{"name":"(anonymous_5)","decl":{"start":{"line":45,"column":18},"end":{"line":45,"column":26}},"loc":{"start":{"line":45,"column":31},"end":{"line":52,"column":9}},"line":45},"6":{"name":"(anonymous_6)","decl":{"start":{"line":92,"column":21},"end":{"line":92,"column":26}},"loc":{"start":{"line":93,"column":10},"end":{"line":104,"column":null}},"line":93}},"branchMap":{"0":{"loc":{"start":{"line":16,"column":6},"end":{"line":16,"column":null}},"type":"if","locations":[{"start":{"line":16,"column":6},"end":{"line":16,"column":null}},{"start":{},"end":{}}],"line":16},"1":{"loc":{"start":{"line":18,"column":6},"end":{"line":18,"column":null}},"type":"if","locations":[{"start":{"line":18,"column":6},"end":{"line":18,"column":null}},{"start":{},"end":{}}],"line":18},"2":{"loc":{"start":{"line":20,"column":6},"end":{"line":20,"column":null}},"type":"if","locations":[{"start":{"line":20,"column":6},"end":{"line":20,"column":null}},{"start":{},"end":{}}],"line":20},"3":{"loc":{"start":{"line":35,"column":6},"end":{"line":42,"column":null}},"type":"if","locations":[{"start":{"line":35,"column":6},"end":{"line":42,"column":null}},{"start":{},"end":{}}],"line":35},"4":{"loc":{"start":{"line":35,"column":10},"end":{"line":35,"column":56}},"type":"binary-expr","locations":[{"start":{"line":35,"column":10},"end":{"line":35,"column":25}},{"start":{"line":35,"column":25},"end":{"line":35,"column":56}}],"line":35},"5":{"loc":{"start":{"line":44,"column":6},"end":{"line":53,"column":null}},"type":"if","locations":[{"start":{"line":44,"column":6},"end":{"line":53,"column":null}},{"start":{},"end":{}}],"line":44},"6":{"loc":{"start":{"line":44,"column":10},"end":{"line":44,"column":45}},"type":"binary-expr","locations":[{"start":{"line":44,"column":10},"end":{"line":44,"column":23}},{"start":{"line":44,"column":23},"end":{"line":44,"column":45}}],"line":44},"7":{"loc":{"start":{"line":59,"column":2},"end":{"line":67,"column":null}},"type":"if","locations":[{"start":{"line":59,"column":2},"end":{"line":67,"column":null}},{"start":{},"end":{}}],"line":59},"8":{"loc":{"start":{"line":69,"column":2},"end":{"line":77,"column":null}},"type":"if","locations":[{"start":{"line":69,"column":2},"end":{"line":77,"column":null}},{"start":{},"end":{}}],"line":69}},"s":{"0":0,"1":0,"2":0,"3":0,"4":0,"5":0,"6":0,"7":0,"8":0,"9":0,"10":0,"11":0,"12":0,"13":0,"14":0,"15":0,"16":0,"17":0,"18":0,"19":0,"20":0,"21":0,"22":0,"23":0},"f":{"0":0,"1":0,"2":0,"3":0,"4":0,"5":0,"6":0},"b":{"0":[0,0],"1":[0,0],"2":[0,0],"3":[0,0],"4":[0,0],"5":[0,0],"6":[0,0],"7":[0,0],"8":[0,0]},"meta":{"lastBranch":9,"lastFunction":7,"lastStatement":24,"seen":{"f:12:16:12:34":0,"s:14:8:23:Infinity":0,"f:14:27:14:41":1,"s:15:4:22:Infinity":1,"f:15:22:15:29":2,"b:16:6:16:Infinity:undefined:undefined:undefined:undefined":0,"s:16:6:16:Infinity":2,"s:16:40:16:Infinity":3,"b:18:6:18:Infinity:undefined:undefined:undefined:undefined":1,"s:18:6:18:Infinity":4,"s:18:54:18:Infinity":5,"b:20:6:20:Infinity:undefined:undefined:undefined:undefined":2,"s:20:6:20:Infinity":6,"s:20:33:20:Infinity":7,"s:21:6:21:Infinity":8,"s:26:8:57:Infinity":9,"f:26:22:26:36":3,"s:32:9:32:Infinity":10,"s:34:4:54:Infinity":11,"f:34:21:34:29":4,"b:35:6:42:Infinity:undefined:undefined:undefined:undefined":3,"s:35:6:42:Infinity":12,"b:35:10:35:25:35:25:35:56":4,"s:36:8:41:Infinity":13,"b:44:6:53:Infinity:undefined:undefined:undefined:undefined":5,"s:44:6:53:Infinity":14,"b:44:10:44:23:44:23:44:45":6,"s:45:8:52:Infinity":15,"f:45:18:45:26":5,"s:46:10:51:Infinity":16,"s:56:4:56:Infinity":17,"b:59:2:67:Infinity:undefined:undefined:undefined:undefined":7,"s:59:2:67:Infinity":18,"s:60:4:65:Infinity":19,"b:69:2:77:Infinity:undefined:undefined:undefined:undefined":8,"s:69:2:77:Infinity":20,"s:70:4:75:Infinity":21,"s:79:2:107:Infinity":22,"f:92:21:92:26":6,"s:93:10:104:Infinity":23},"fnNames":{}}}
,"/home/alex/Projects/seshat/src/components/chapter/DraftsPanel.tsx": {"path":"/home/alex/Projects/seshat/src/components/chapter/DraftsPanel.tsx","statementMap":{"0":{"start":{"line":14,"column":24},"end":{"line":14,"column":null}},"1":{"start":{"line":15,"column":20},"end":{"line":15,"column":null}},"2":{"start":{"line":16,"column":25},"end":{"line":16,"column":null}},"3":{"start":{"line":18,"column":8},"end":{"line":21,"column":null}},"4":{"start":{"line":19,"column":4},"end":{"line":19,"column":null}},"5":{"start":{"line":20,"column":4},"end":{"line":20,"column":null}},"6":{"start":{"line":23,"column":8},"end":{"line":29,"column":null}},"7":{"start":{"line":24,"column":4},"end":{"line":28,"column":null}},"8":{"start":{"line":25,"column":6},"end":{"line":25,"column":null}},"9":{"start":{"line":26,"column":6},"end":{"line":26,"column":null}},"10":{"start":{"line":27,"column":6},"end":{"line":27,"column":null}},"11":{"start":{"line":31,"column":8},"end":{"line":33,"column":null}},"12":{"start":{"line":32,"column":4},"end":{"line":32,"column":null}},"13":{"start":{"line":35,"column":8},"end":{"line":40,"column":null}},"14":{"start":{"line":36,"column":4},"end":{"line":39,"column":null}},"15":{"start":{"line":37,"column":6},"end":{"line":37,"column":null}},"16":{"start":{"line":38,"column":6},"end":{"line":38,"column":null}},"17":{"start":{"line":42,"column":2},"end":{"line":132,"column":null}},"18":{"start":{"line":65,"column":36},"end":{"line":65,"column":61}},"19":{"start":{"line":66,"column":10},"end":{"line":92,"column":null}},"20":{"start":{"line":87,"column":29},"end":{"line":87,"column":null}},"21":{"start":{"line":97,"column":49},"end":{"line":97,"column":null}},"22":{"start":{"line":105,"column":31},"end":{"line":105,"column":null}},"23":{"start":{"line":107,"column":16},"end":{"line":107,"column":null}},"24":{"start":{"line":107,"column":39},"end":{"line":107,"column":null}},"25":{"start":{"line":112,"column":37},"end":{"line":112,"column":62}},"26":{"start":{"line":120,"column":52},"end":{"line":120,"column":null}},"27":{"start":{"line":126,"column":37},"end":{"line":126,"column":62}}},"fnMap":{"0":{"name":"DraftsPanel","decl":{"start":{"line":13,"column":16},"end":{"line":13,"column":28}},"loc":{"start":{"line":13,"column":89},"end":{"line":134,"column":null}},"line":13},"1":{"name":"(anonymous_1)","decl":{"start":{"line":18,"column":8},"end":{"line":18,"column":27}},"loc":{"start":{"line":18,"column":27},"end":{"line":21,"column":null}},"line":18},"2":{"name":"(anonymous_2)","decl":{"start":{"line":23,"column":8},"end":{"line":23,"column":28}},"loc":{"start":{"line":23,"column":28},"end":{"line":29,"column":null}},"line":23},"3":{"name":"(anonymous_3)","decl":{"start":{"line":31,"column":8},"end":{"line":31,"column":25}},"loc":{"start":{"line":31,"column":42},"end":{"line":33,"column":null}},"line":31},"4":{"name":"(anonymous_4)","decl":{"start":{"line":35,"column":8},"end":{"line":35,"column":31}},"loc":{"start":{"line":35,"column":31},"end":{"line":40,"column":null}},"line":35},"5":{"name":"(anonymous_5)","decl":{"start":{"line":65,"column":21},"end":{"line":65,"column":27}},"loc":{"start":{"line":65,"column":36},"end":{"line":65,"column":61}},"line":65},"6":{"name":"(anonymous_6)","decl":{"start":{"line":65,"column":63},"end":{"line":65,"column":68}},"loc":{"start":{"line":66,"column":10},"end":{"line":92,"column":null}},"line":66},"7":{"name":"(anonymous_7)","decl":{"start":{"line":87,"column":14},"end":{"line":87,"column":29}},"loc":{"start":{"line":87,"column":29},"end":{"line":87,"column":null}},"line":87},"8":{"name":"(anonymous_8)","decl":{"start":{"line":97,"column":34},"end":{"line":97,"column":49}},"loc":{"start":{"line":97,"column":49},"end":{"line":97,"column":null}},"line":97},"9":{"name":"(anonymous_9)","decl":{"start":{"line":105,"column":14},"end":{"line":105,"column":25}},"loc":{"start":{"line":105,"column":31},"end":{"line":105,"column":null}},"line":105},"10":{"name":"(anonymous_10)","decl":{"start":{"line":106,"column":14},"end":{"line":106,"column":26}},"loc":{"start":{"line":106,"column":32},"end":{"line":108,"column":null}},"line":106},"11":{"name":"(anonymous_11)","decl":{"start":{"line":112,"column":22},"end":{"line":112,"column":37}},"loc":{"start":{"line":112,"column":37},"end":{"line":112,"column":62}},"line":112},"12":{"name":"(anonymous_12)","decl":{"start":{"line":120,"column":37},"end":{"line":120,"column":52}},"loc":{"start":{"line":120,"column":52},"end":{"line":120,"column":null}},"line":120},"13":{"name":"(anonymous_13)","decl":{"start":{"line":126,"column":22},"end":{"line":126,"column":37}},"loc":{"start":{"line":126,"column":37},"end":{"line":126,"column":62}},"line":126}},"branchMap":{"0":{"loc":{"start":{"line":24,"column":4},"end":{"line":28,"column":null}},"type":"if","locations":[{"start":{"line":24,"column":4},"end":{"line":28,"column":null}},{"start":{},"end":{}}],"line":24},"1":{"loc":{"start":{"line":36,"column":4},"end":{"line":39,"column":null}},"type":"if","locations":[{"start":{"line":36,"column":4},"end":{"line":39,"column":null}},{"start":{},"end":{}}],"line":36},"2":{"loc":{"start":{"line":59,"column":9},"end":{"line":65,"column":10}},"type":"binary-expr","locations":[{"start":{"line":59,"column":9},"end":{"line":59,"column":null}},{"start":{"line":60,"column":10},"end":{"line":65,"column":10}}],"line":59},"3":{"loc":{"start":{"line":96,"column":7},"end":{"line":116,"column":null}},"type":"binary-expr","locations":[{"start":{"line":96,"column":7},"end":{"line":96,"column":null}},{"start":{"line":97,"column":8},"end":{"line":116,"column":null}}],"line":96},"4":{"loc":{"start":{"line":107,"column":16},"end":{"line":107,"column":null}},"type":"if","locations":[{"start":{"line":107,"column":16},"end":{"line":107,"column":null}},{"start":{},"end":{}}],"line":107},"5":{"loc":{"start":{"line":119,"column":7},"end":{"line":130,"column":null}},"type":"binary-expr","locations":[{"start":{"line":119,"column":7},"end":{"line":119,"column":null}},{"start":{"line":120,"column":8},"end":{"line":130,"column":null}}],"line":119}},"s":{"0":0,"1":0,"2":0,"3":0,"4":0,"5":0,"6":0,"7":0,"8":0,"9":0,"10":0,"11":0,"12":0,"13":0,"14":0,"15":0,"16":0,"17":0,"18":0,"19":0,"20":0,"21":0,"22":0,"23":0,"24":0,"25":0,"26":0,"27":0},"f":{"0":0,"1":0,"2":0,"3":0,"4":0,"5":0,"6":0,"7":0,"8":0,"9":0,"10":0,"11":0,"12":0,"13":0},"b":{"0":[0,0],"1":[0,0],"2":[0,0],"3":[0,0],"4":[0,0],"5":[0,0]},"meta":{"lastBranch":6,"lastFunction":14,"lastStatement":28,"seen":{"f:13:16:13:28":0,"s:14:24:14:Infinity":0,"s:15:20:15:Infinity":1,"s:16:25:16:Infinity":2,"s:18:8:21:Infinity":3,"f:18:8:18:27":1,"s:19:4:19:Infinity":4,"s:20:4:20:Infinity":5,"s:23:8:29:Infinity":6,"f:23:8:23:28":2,"b:24:4:28:Infinity:undefined:undefined:undefined:undefined":0,"s:24:4:28:Infinity":7,"s:25:6:25:Infinity":8,"s:26:6:26:Infinity":9,"s:27:6:27:Infinity":10,"s:31:8:33:Infinity":11,"f:31:8:31:25":3,"s:32:4:32:Infinity":12,"s:35:8:40:Infinity":13,"f:35:8:35:31":4,"b:36:4:39:Infinity:undefined:undefined:undefined:undefined":1,"s:36:4:39:Infinity":14,"s:37:6:37:Infinity":15,"s:38:6:38:Infinity":16,"s:42:2:132:Infinity":17,"b:59:9:59:Infinity:60:10:65:10":2,"f:65:21:65:27":5,"s:65:36:65:61":18,"f:65:63:65:68":6,"s:66:10:92:Infinity":19,"f:87:14:87:29":7,"s:87:29:87:Infinity":20,"b:96:7:96:Infinity:97:8:116:Infinity":3,"f:97:34:97:49":8,"s:97:49:97:Infinity":21,"f:105:14:105:25":9,"s:105:31:105:Infinity":22,"f:106:14:106:26":10,"b:107:16:107:Infinity:undefined:undefined:undefined:undefined":4,"s:107:16:107:Infinity":23,"s:107:39:107:Infinity":24,"f:112:22:112:37":11,"s:112:37:112:62":25,"b:119:7:119:Infinity:120:8:130:Infinity":5,"f:120:37:120:52":12,"s:120:52:120:Infinity":26,"f:126:22:126:37":13,"s:126:37:126:62":27},"fnNames":{}}}
,"/home/alex/Projects/seshat/src/components/chapter/EventRef.tsx": {"path":"/home/alex/Projects/seshat/src/components/chapter/EventRef.tsx","statementMap":{"0":{"start":{"line":9,"column":15},"end":{"line":9,"column":null}},"1":{"start":{"line":10,"column":2},"end":{"line":68,"column":null}},"2":{"start":{"line":19,"column":23},"end":{"line":19,"column":null}},"3":{"start":{"line":19,"column":38},"end":{"line":19,"column":40}}},"fnMap":{"0":{"name":"EventRef","decl":{"start":{"line":8,"column":16},"end":{"line":8,"column":25}},"loc":{"start":{"line":8,"column":51},"end":{"line":70,"column":null}},"line":8},"1":{"name":"(anonymous_1)","decl":{"start":{"line":19,"column":8},"end":{"line":19,"column":23}},"loc":{"start":{"line":19,"column":23},"end":{"line":19,"column":null}},"line":19},"2":{"name":"(anonymous_2)","decl":{"start":{"line":19,"column":23},"end":{"line":19,"column":32}},"loc":{"start":{"line":19,"column":38},"end":{"line":19,"column":40}},"line":19}},"branchMap":{"0":{"loc":{"start":{"line":35,"column":11},"end":{"line":35,"column":null}},"type":"cond-expr","locations":[{"start":{"line":35,"column":18},"end":{"line":35,"column":24}},{"start":{"line":35,"column":24},"end":{"line":35,"column":null}}],"line":35},"1":{"loc":{"start":{"line":42,"column":7},"end":{"line":68,"column":null}},"type":"binary-expr","locations":[{"start":{"line":42,"column":7},"end":{"line":42,"column":null}},{"start":{"line":43,"column":8},"end":{"line":68,"column":null}}],"line":42},"2":{"loc":{"start":{"line":51,"column":11},"end":{"line":55,"column":null}},"type":"binary-expr","locations":[{"start":{"line":51,"column":11},"end":{"line":51,"column":null}},{"start":{"line":52,"column":12},"end":{"line":55,"column":null}}],"line":51},"3":{"loc":{"start":{"line":57,"column":11},"end":{"line":58,"column":null}},"type":"binary-expr","locations":[{"start":{"line":57,"column":11},"end":{"line":57,"column":null}},{"start":{"line":58,"column":12},"end":{"line":58,"column":null}}],"line":57},"4":{"loc":{"start":{"line":60,"column":11},"end":{"line":64,"column":null}},"type":"binary-expr","locations":[{"start":{"line":60,"column":11},"end":{"line":60,"column":null}},{"start":{"line":61,"column":12},"end":{"line":64,"column":null}}],"line":60}},"s":{"0":0,"1":0,"2":0,"3":0},"f":{"0":0,"1":0,"2":0},"b":{"0":[0,0],"1":[0,0],"2":[0,0],"3":[0,0],"4":[0,0]},"meta":{"lastBranch":5,"lastFunction":3,"lastStatement":4,"seen":{"f:8:16:8:25":0,"s:9:15:9:Infinity":0,"s:10:2:68:Infinity":1,"f:19:8:19:23":1,"s:19:23:19:Infinity":2,"f:19:23:19:32":2,"s:19:38:19:40":3,"b:35:18:35:24:35:24:35:Infinity":0,"b:42:7:42:Infinity:43:8:68:Infinity":1,"b:51:11:51:Infinity:52:12:55:Infinity":2,"b:57:11:57:Infinity:58:12:58:Infinity":3,"b:60:11:60:Infinity:61:12:64:Infinity":4},"fnNames":{}}}
,"/home/alex/Projects/seshat/src/components/chapter/ForeshadowPanel.tsx": {"path":"/home/alex/Projects/seshat/src/components/chapter/ForeshadowPanel.tsx","statementMap":{"0":{"start":{"line":27,"column":2},"end":{"line":64,"column":null}},"1":{"start":{"line":28,"column":32},"end":{"line":28,"column":null}},"2":{"start":{"line":33,"column":29},"end":{"line":33,"column":null}},"3":{"start":{"line":42,"column":33},"end":{"line":42,"column":null}},"4":{"start":{"line":43,"column":76},"end":{"line":43,"column":120}},"5":{"start":{"line":50,"column":33},"end":{"line":50,"column":null}},"6":{"start":{"line":51,"column":76},"end":{"line":51,"column":120}},"7":{"start":{"line":58,"column":33},"end":{"line":58,"column":null}},"8":{"start":{"line":69,"column":18},"end":{"line":69,"column":null}},"9":{"start":{"line":71,"column":30},"end":{"line":71,"column":null}},"10":{"start":{"line":71,"column":54},"end":{"line":71,"column":133}},"11":{"start":{"line":72,"column":27},"end":{"line":72,"column":null}},"12":{"start":{"line":72,"column":51},"end":{"line":72,"column":130}},"13":{"start":{"line":74,"column":2},"end":{"line":110,"column":null}},"14":{"start":{"line":79,"column":25},"end":{"line":79,"column":null}},"15":{"start":{"line":91,"column":10},"end":{"line":91,"column":null}},"16":{"start":{"line":97,"column":33},"end":{"line":97,"column":55}},"17":{"start":{"line":104,"column":16},"end":{"line":104,"column":null}}},"fnMap":{"0":{"name":"ForeshadowItem","decl":{"start":{"line":16,"column":9},"end":{"line":16,"column":24}},"loc":{"start":{"line":26,"column":3},"end":{"line":66,"column":null}},"line":26},"1":{"name":"(anonymous_1)","decl":{"start":{"line":28,"column":16},"end":{"line":28,"column":32}},"loc":{"start":{"line":28,"column":32},"end":{"line":28,"column":null}},"line":28},"2":{"name":"(anonymous_2)","decl":{"start":{"line":33,"column":10},"end":{"line":33,"column":21}},"loc":{"start":{"line":33,"column":29},"end":{"line":33,"column":null}},"line":33},"3":{"name":"(anonymous_3)","decl":{"start":{"line":42,"column":14},"end":{"line":42,"column":25}},"loc":{"start":{"line":42,"column":33},"end":{"line":42,"column":null}},"line":42},"4":{"name":"(anonymous_4)","decl":{"start":{"line":43,"column":66},"end":{"line":43,"column":70}},"loc":{"start":{"line":43,"column":76},"end":{"line":43,"column":120}},"line":43},"5":{"name":"(anonymous_5)","decl":{"start":{"line":50,"column":14},"end":{"line":50,"column":25}},"loc":{"start":{"line":50,"column":33},"end":{"line":50,"column":null}},"line":50},"6":{"name":"(anonymous_6)","decl":{"start":{"line":51,"column":66},"end":{"line":51,"column":70}},"loc":{"start":{"line":51,"column":76},"end":{"line":51,"column":120}},"line":51},"7":{"name":"(anonymous_7)","decl":{"start":{"line":58,"column":14},"end":{"line":58,"column":25}},"loc":{"start":{"line":58,"column":33},"end":{"line":58,"column":null}},"line":58},"8":{"name":"ForeshadowPanel","decl":{"start":{"line":68,"column":16},"end":{"line":68,"column":32}},"loc":{"start":{"line":68,"column":141},"end":{"line":112,"column":null}},"line":68},"9":{"name":"(anonymous_9)","decl":{"start":{"line":71,"column":42},"end":{"line":71,"column":49}},"loc":{"start":{"line":71,"column":54},"end":{"line":71,"column":133}},"line":71},"10":{"name":"(anonymous_10)","decl":{"start":{"line":72,"column":39},"end":{"line":72,"column":46}},"loc":{"start":{"line":72,"column":51},"end":{"line":72,"column":130}},"line":72},"11":{"name":"(anonymous_11)","decl":{"start":{"line":79,"column":10},"end":{"line":79,"column":25}},"loc":{"start":{"line":79,"column":25},"end":{"line":79,"column":null}},"line":79},"12":{"name":"(anonymous_12)","decl":{"start":{"line":90,"column":29},"end":{"line":90,"column":33}},"loc":{"start":{"line":91,"column":10},"end":{"line":91,"column":null}},"line":91},"13":{"name":"(anonymous_13)","decl":{"start":{"line":97,"column":18},"end":{"line":97,"column":33}},"loc":{"start":{"line":97,"column":33},"end":{"line":97,"column":55}},"line":97},"14":{"name":"(anonymous_14)","decl":{"start":{"line":103,"column":32},"end":{"line":103,"column":36}},"loc":{"start":{"line":104,"column":16},"end":{"line":104,"column":null}},"line":104}},"branchMap":{"0":{"loc":{"start":{"line":43,"column":85},"end":{"line":43,"column":106}},"type":"binary-expr","locations":[{"start":{"line":43,"column":85},"end":{"line":43,"column":96}},{"start":{"line":43,"column":96},"end":{"line":43,"column":106}}],"line":43},"1":{"loc":{"start":{"line":51,"column":85},"end":{"line":51,"column":106}},"type":"binary-expr","locations":[{"start":{"line":51,"column":85},"end":{"line":51,"column":96}},{"start":{"line":51,"column":96},"end":{"line":51,"column":106}}],"line":51},"2":{"loc":{"start":{"line":71,"column":54},"end":{"line":71,"column":133}},"type":"binary-expr","locations":[{"start":{"line":71,"column":54},"end":{"line":71,"column":95}},{"start":{"line":71,"column":95},"end":{"line":71,"column":133}}],"line":71},"3":{"loc":{"start":{"line":72,"column":51},"end":{"line":72,"column":130}},"type":"binary-expr","locations":[{"start":{"line":72,"column":51},"end":{"line":72,"column":92}},{"start":{"line":72,"column":92},"end":{"line":72,"column":130}}],"line":72},"4":{"loc":{"start":{"line":87,"column":9},"end":{"line":90,"column":29}},"type":"binary-expr","locations":[{"start":{"line":87,"column":9},"end":{"line":87,"column":45}},{"start":{"line":87,"column":45},"end":{"line":87,"column":null}},{"start":{"line":88,"column":10},"end":{"line":90,"column":29}}],"line":87},"5":{"loc":{"start":{"line":95,"column":7},"end":{"line":108,"column":null}},"type":"binary-expr","locations":[{"start":{"line":95,"column":7},"end":{"line":95,"column":null}},{"start":{"line":96,"column":8},"end":{"line":108,"column":null}}],"line":95},"6":{"loc":{"start":{"line":98,"column":13},"end":{"line":98,"column":null}},"type":"cond-expr","locations":[{"start":{"line":98,"column":23},"end":{"line":98,"column":47}},{"start":{"line":98,"column":47},"end":{"line":98,"column":null}}],"line":98},"7":{"loc":{"start":{"line":101,"column":11},"end":{"line":108,"column":null}},"type":"binary-expr","locations":[{"start":{"line":101,"column":11},"end":{"line":101,"column":null}},{"start":{"line":102,"column":12},"end":{"line":108,"column":null}}],"line":101}},"s":{"0":0,"1":0,"2":0,"3":0,"4":0,"5":0,"6":0,"7":0,"8":0,"9":0,"10":0,"11":0,"12":0,"13":0,"14":0,"15":0,"16":0,"17":0},"f":{"0":0,"1":0,"2":0,"3":0,"4":0,"5":0,"6":0,"7":0,"8":0,"9":0,"10":0,"11":0,"12":0,"13":0,"14":0},"b":{"0":[0,0],"1":[0,0],"2":[0,0],"3":[0,0],"4":[0,0,0],"5":[0,0],"6":[0,0],"7":[0,0]},"meta":{"lastBranch":8,"lastFunction":15,"lastStatement":18,"seen":{"f:16:9:16:24":0,"s:27:2:64:Infinity":0,"f:28:16:28:32":1,"s:28:32:28:Infinity":1,"f:33:10:33:21":2,"s:33:29:33:Infinity":2,"f:42:14:42:25":3,"s:42:33:42:Infinity":3,"f:43:66:43:70":4,"s:43:76:43:120":4,"b:43:85:43:96:43:96:43:106":0,"f:50:14:50:25":5,"s:50:33:50:Infinity":5,"f:51:66:51:70":6,"s:51:76:51:120":6,"b:51:85:51:96:51:96:51:106":1,"f:58:14:58:25":7,"s:58:33:58:Infinity":7,"f:68:16:68:32":8,"s:69:18:69:Infinity":8,"s:71:30:71:Infinity":9,"f:71:42:71:49":9,"s:71:54:71:133":10,"b:71:54:71:95:71:95:71:133":2,"s:72:27:72:Infinity":11,"f:72:39:72:46":10,"s:72:51:72:130":12,"b:72:51:72:92:72:92:72:130":3,"s:74:2:110:Infinity":13,"f:79:10:79:25":11,"s:79:25:79:Infinity":14,"b:87:9:87:45:87:45:87:Infinity:88:10:90:29":4,"f:90:29:90:33":12,"s:91:10:91:Infinity":15,"b:95:7:95:Infinity:96:8:108:Infinity":5,"f:97:18:97:33":13,"s:97:33:97:55":16,"b:98:23:98:47:98:47:98:Infinity":6,"b:101:11:101:Infinity:102:12:108:Infinity":7,"f:103:32:103:36":14,"s:104:16:104:Infinity":17},"fnNames":{}}}
,"/home/alex/Projects/seshat/src/components/chapter/PinnedContextStrip.tsx": {"path":"/home/alex/Projects/seshat/src/components/chapter/PinnedContextStrip.tsx","statementMap":{"0":{"start":{"line":17,"column":2},"end":{"line":82,"column":null}},"1":{"start":{"line":30,"column":8},"end":{"line":58,"column":null}},"2":{"start":{"line":32,"column":25},"end":{"line":32,"column":null}},"3":{"start":{"line":61,"column":8},"end":{"line":80,"column":null}},"4":{"start":{"line":63,"column":25},"end":{"line":63,"column":null}}},"fnMap":{"0":{"name":"PinnedContextStrip","decl":{"start":{"line":11,"column":16},"end":{"line":11,"column":35}},"loc":{"start":{"line":16,"column":28},"end":{"line":84,"column":null}},"line":16},"1":{"name":"(anonymous_1)","decl":{"start":{"line":29,"column":22},"end":{"line":29,"column":27}},"loc":{"start":{"line":30,"column":8},"end":{"line":58,"column":null}},"line":30},"2":{"name":"(anonymous_2)","decl":{"start":{"line":32,"column":10},"end":{"line":32,"column":25}},"loc":{"start":{"line":32,"column":25},"end":{"line":32,"column":null}},"line":32},"3":{"name":"(anonymous_3)","decl":{"start":{"line":60,"column":23},"end":{"line":60,"column":28}},"loc":{"start":{"line":61,"column":8},"end":{"line":80,"column":null}},"line":61},"4":{"name":"(anonymous_4)","decl":{"start":{"line":63,"column":10},"end":{"line":63,"column":25}},"loc":{"start":{"line":63,"column":25},"end":{"line":63,"column":null}},"line":63}},"branchMap":{},"s":{"0":10,"1":10,"2":0,"3":10,"4":0},"f":{"0":10,"1":10,"2":0,"3":10,"4":0},"b":{},"meta":{"lastBranch":0,"lastFunction":5,"lastStatement":5,"seen":{"f:11:16:11:35":0,"s:17:2:82:Infinity":0,"f:29:22:29:27":1,"s:30:8:58:Infinity":1,"f:32:10:32:25":2,"s:32:25:32:Infinity":2,"f:60:23:60:28":3,"s:61:8:80:Infinity":3,"f:63:10:63:25":4,"s:63:25:63:Infinity":4},"fnNames":{}}}
,"/home/alex/Projects/seshat/src/components/chapter/ReferencePanel.tsx": {"path":"/home/alex/Projects/seshat/src/components/chapter/ReferencePanel.tsx","statementMap":{"0":{"start":{"line":76,"column":24},"end":{"line":76,"column":null}},"1":{"start":{"line":77,"column":20},"end":{"line":77,"column":null}},"2":{"start":{"line":79,"column":25},"end":{"line":81,"column":null}},"3":{"start":{"line":80,"column":4},"end":{"line":80,"column":null}},"4":{"start":{"line":83,"column":24},"end":{"line":85,"column":null}},"5":{"start":{"line":84,"column":4},"end":{"line":84,"column":null}},"6":{"start":{"line":87,"column":8},"end":{"line":94,"column":null}},"7":{"start":{"line":88,"column":4},"end":{"line":88,"column":null}},"8":{"start":{"line":89,"column":18},"end":{"line":89,"column":null}},"9":{"start":{"line":89,"column":42},"end":{"line":89,"column":84}},"10":{"start":{"line":90,"column":4},"end":{"line":93,"column":null}},"11":{"start":{"line":91,"column":6},"end":{"line":91,"column":null}},"12":{"start":{"line":92,"column":6},"end":{"line":92,"column":null}},"13":{"start":{"line":96,"column":8},"end":{"line":104,"column":null}},"14":{"start":{"line":97,"column":4},"end":{"line":103,"column":null}},"15":{"start":{"line":98,"column":22},"end":{"line":98,"column":null}},"16":{"start":{"line":98,"column":46},"end":{"line":98,"column":100}},"17":{"start":{"line":99,"column":6},"end":{"line":102,"column":null}},"18":{"start":{"line":100,"column":8},"end":{"line":100,"column":null}},"19":{"start":{"line":101,"column":8},"end":{"line":101,"column":null}},"20":{"start":{"line":105,"column":26},"end":{"line":107,"column":null}},"21":{"start":{"line":106,"column":26},"end":{"line":106,"column":55}},"22":{"start":{"line":107,"column":34},"end":{"line":107,"column":49}},"23":{"start":{"line":109,"column":2},"end":{"line":321,"column":null}},"24":{"start":{"line":143,"column":12},"end":{"line":156,"column":null}},"25":{"start":{"line":158,"column":10},"end":{"line":186,"column":null}},"26":{"start":{"line":161,"column":29},"end":{"line":161,"column":null}},"27":{"start":{"line":205,"column":33},"end":{"line":205,"column":null}},"28":{"start":{"line":211,"column":40},"end":{"line":211,"column":76}},"29":{"start":{"line":214,"column":31},"end":{"line":214,"column":null}},"30":{"start":{"line":226,"column":16},"end":{"line":226,"column":null}},"31":{"start":{"line":231,"column":59},"end":{"line":231,"column":null}},"32":{"start":{"line":240,"column":20},"end":{"line":246,"column":null}},"33":{"start":{"line":245,"column":37},"end":{"line":245,"column":null}},"34":{"start":{"line":251,"column":86},"end":{"line":251,"column":111}},"35":{"start":{"line":274,"column":16},"end":{"line":279,"column":null}},"36":{"start":{"line":278,"column":33},"end":{"line":278,"column":null}},"37":{"start":{"line":284,"column":14},"end":{"line":284,"column":null}}},"fnMap":{"0":{"name":"ReferencePanel","decl":{"start":{"line":59,"column":16},"end":{"line":59,"column":31}},"loc":{"start":{"line":75,"column":24},"end":{"line":323,"column":null}},"line":75},"1":{"name":"(anonymous_1)","decl":{"start":{"line":79,"column":36},"end":{"line":79,"column":44}},"loc":{"start":{"line":80,"column":4},"end":{"line":80,"column":null}},"line":80},"2":{"name":"(anonymous_2)","decl":{"start":{"line":83,"column":35},"end":{"line":83,"column":43}},"loc":{"start":{"line":84,"column":4},"end":{"line":84,"column":null}},"line":84},"3":{"name":"(anonymous_3)","decl":{"start":{"line":87,"column":8},"end":{"line":87,"column":27}},"loc":{"start":{"line":87,"column":43},"end":{"line":94,"column":null}},"line":87},"4":{"name":"(anonymous_4)","decl":{"start":{"line":89,"column":32},"end":{"line":89,"column":37}},"loc":{"start":{"line":89,"column":42},"end":{"line":89,"column":84}},"line":89},"5":{"name":"(anonymous_5)","decl":{"start":{"line":96,"column":8},"end":{"line":96,"column":30}},"loc":{"start":{"line":96,"column":75},"end":{"line":104,"column":null}},"line":96},"6":{"name":"(anonymous_6)","decl":{"start":{"line":98,"column":36},"end":{"line":98,"column":41}},"loc":{"start":{"line":98,"column":46},"end":{"line":98,"column":100}},"line":98},"7":{"name":"(anonymous_7)","decl":{"start":{"line":106,"column":5},"end":{"line":106,"column":13}},"loc":{"start":{"line":106,"column":26},"end":{"line":106,"column":55}},"line":106},"8":{"name":"(anonymous_8)","decl":{"start":{"line":107,"column":5},"end":{"line":107,"column":11}},"loc":{"start":{"line":107,"column":34},"end":{"line":107,"column":49}},"line":107},"9":{"name":"(anonymous_9)","decl":{"start":{"line":141,"column":10},"end":{"line":141,"column":15}},"loc":{"start":{"line":141,"column":35},"end":{"line":188,"column":9}},"line":141},"10":{"name":"(anonymous_10)","decl":{"start":{"line":161,"column":14},"end":{"line":161,"column":29}},"loc":{"start":{"line":161,"column":29},"end":{"line":161,"column":null}},"line":161},"11":{"name":"(anonymous_11)","decl":{"start":{"line":205,"column":16},"end":{"line":205,"column":27}},"loc":{"start":{"line":205,"column":33},"end":{"line":205,"column":null}},"line":205},"12":{"name":"(anonymous_12)","decl":{"start":{"line":211,"column":31},"end":{"line":211,"column":35}},"loc":{"start":{"line":211,"column":40},"end":{"line":211,"column":76}},"line":211},"13":{"name":"(anonymous_13)","decl":{"start":{"line":214,"column":16},"end":{"line":214,"column":31}},"loc":{"start":{"line":214,"column":31},"end":{"line":214,"column":null}},"line":214},"14":{"name":"(anonymous_14)","decl":{"start":{"line":225,"column":29},"end":{"line":225,"column":34}},"loc":{"start":{"line":226,"column":16},"end":{"line":226,"column":null}},"line":226},"15":{"name":"(anonymous_15)","decl":{"start":{"line":231,"column":44},"end":{"line":231,"column":59}},"loc":{"start":{"line":231,"column":59},"end":{"line":231,"column":null}},"line":231},"16":{"name":"(anonymous_16)","decl":{"start":{"line":239,"column":30},"end":{"line":239,"column":35}},"loc":{"start":{"line":240,"column":20},"end":{"line":246,"column":null}},"line":240},"17":{"name":"(anonymous_17)","decl":{"start":{"line":245,"column":22},"end":{"line":245,"column":37}},"loc":{"start":{"line":245,"column":37},"end":{"line":245,"column":null}},"line":245},"18":{"name":"(anonymous_18)","decl":{"start":{"line":251,"column":71},"end":{"line":251,"column":86}},"loc":{"start":{"line":251,"column":86},"end":{"line":251,"column":111}},"line":251},"19":{"name":"(anonymous_19)","decl":{"start":{"line":273,"column":28},"end":{"line":273,"column":33}},"loc":{"start":{"line":274,"column":16},"end":{"line":279,"column":null}},"line":274},"20":{"name":"(anonymous_20)","decl":{"start":{"line":278,"column":18},"end":{"line":278,"column":33}},"loc":{"start":{"line":278,"column":33},"end":{"line":278,"column":null}},"line":278},"21":{"name":"(anonymous_21)","decl":{"start":{"line":283,"column":29},"end":{"line":283,"column":34}},"loc":{"start":{"line":284,"column":14},"end":{"line":284,"column":null}},"line":284}},"branchMap":{"0":{"loc":{"start":{"line":90,"column":4},"end":{"line":93,"column":null}},"type":"if","locations":[{"start":{"line":90,"column":4},"end":{"line":93,"column":null}},{"start":{},"end":{}}],"line":90},"1":{"loc":{"start":{"line":97,"column":4},"end":{"line":103,"column":null}},"type":"if","locations":[{"start":{"line":97,"column":4},"end":{"line":103,"column":null}},{"start":{},"end":{}}],"line":97},"2":{"loc":{"start":{"line":97,"column":8},"end":{"line":97,"column":54}},"type":"binary-expr","locations":[{"start":{"line":97,"column":8},"end":{"line":97,"column":29}},{"start":{"line":97,"column":29},"end":{"line":97,"column":54}}],"line":97},"3":{"loc":{"start":{"line":99,"column":6},"end":{"line":102,"column":null}},"type":"if","locations":[{"start":{"line":99,"column":6},"end":{"line":102,"column":null}},{"start":{},"end":{}}],"line":99},"4":{"loc":{"start":{"line":110,"column":44},"end":{"line":110,"column":68}},"type":"cond-expr","locations":[{"start":{"line":110,"column":53},"end":{"line":110,"column":62}},{"start":{"line":110,"column":62},"end":{"line":110,"column":68}}],"line":110},"5":{"loc":{"start":{"line":143,"column":12},"end":{"line":156,"column":null}},"type":"cond-expr","locations":[{"start":{"line":144,"column":14},"end":{"line":145,"column":24}},{"start":{"line":145,"column":16},"end":{"line":156,"column":null}}],"line":143},"6":{"loc":{"start":{"line":145,"column":16},"end":{"line":156,"column":null}},"type":"cond-expr","locations":[{"start":{"line":146,"column":14},"end":{"line":147,"column":24}},{"start":{"line":147,"column":16},"end":{"line":156,"column":null}}],"line":145},"7":{"loc":{"start":{"line":147,"column":16},"end":{"line":156,"column":null}},"type":"cond-expr","locations":[{"start":{"line":148,"column":14},"end":{"line":149,"column":24}},{"start":{"line":149,"column":16},"end":{"line":156,"column":null}}],"line":147},"8":{"loc":{"start":{"line":149,"column":16},"end":{"line":156,"column":null}},"type":"cond-expr","locations":[{"start":{"line":150,"column":14},"end":{"line":151,"column":24}},{"start":{"line":151,"column":16},"end":{"line":156,"column":null}}],"line":149},"9":{"loc":{"start":{"line":151,"column":16},"end":{"line":156,"column":null}},"type":"cond-expr","locations":[{"start":{"line":152,"column":14},"end":{"line":153,"column":24}},{"start":{"line":153,"column":16},"end":{"line":156,"column":null}}],"line":151},"10":{"loc":{"start":{"line":153,"column":16},"end":{"line":156,"column":null}},"type":"cond-expr","locations":[{"start":{"line":154,"column":14},"end":{"line":156,"column":15}},{"start":{"line":156,"column":14},"end":{"line":156,"column":null}}],"line":153},"11":{"loc":{"start":{"line":168,"column":18},"end":{"line":170,"column":null}},"type":"cond-expr","locations":[{"start":{"line":169,"column":22},"end":{"line":169,"column":null}},{"start":{"line":170,"column":22},"end":{"line":170,"column":null}}],"line":168},"12":{"loc":{"start":{"line":172,"column":18},"end":{"line":172,"column":null}},"type":"cond-expr","locations":[{"start":{"line":172,"column":37},"end":{"line":172,"column":71}},{"start":{"line":172,"column":71},"end":{"line":172,"column":null}}],"line":172},"13":{"loc":{"start":{"line":174,"column":28},"end":{"line":174,"column":null}},"type":"cond-expr","locations":[{"start":{"line":174,"column":42},"end":{"line":174,"column":50}},{"start":{"line":174,"column":50},"end":{"line":174,"column":null}}],"line":174},"14":{"loc":{"start":{"line":175,"column":29},"end":{"line":175,"column":null}},"type":"cond-expr","locations":[{"start":{"line":175,"column":56},"end":{"line":175,"column":65}},{"start":{"line":175,"column":65},"end":{"line":175,"column":null}}],"line":175},"15":{"loc":{"start":{"line":199,"column":9},"end":{"line":257,"column":null}},"type":"binary-expr","locations":[{"start":{"line":199,"column":9},"end":{"line":199,"column":null}},{"start":{"line":200,"column":10},"end":{"line":257,"column":null}}],"line":199},"16":{"loc":{"start":{"line":222,"column":13},"end":{"line":227,"column":null}},"type":"cond-expr","locations":[{"start":{"line":223,"column":14},"end":{"line":225,"column":29}},{"start":{"line":225,"column":14},"end":{"line":227,"column":null}}],"line":222},"17":{"loc":{"start":{"line":230,"column":13},"end":{"line":255,"column":null}},"type":"binary-expr","locations":[{"start":{"line":230,"column":13},"end":{"line":230,"column":null}},{"start":{"line":231,"column":14},"end":{"line":255,"column":null}}],"line":230},"18":{"loc":{"start":{"line":248,"column":19},"end":{"line":249,"column":null}},"type":"binary-expr","locations":[{"start":{"line":248,"column":19},"end":{"line":248,"column":41}},{"start":{"line":248,"column":41},"end":{"line":249,"column":null}}],"line":248},"19":{"loc":{"start":{"line":260,"column":9},"end":{"line":286,"column":null}},"type":"binary-expr","locations":[{"start":{"line":260,"column":9},"end":{"line":260,"column":null}},{"start":{"line":261,"column":10},"end":{"line":286,"column":null}}],"line":260},"20":{"loc":{"start":{"line":281,"column":15},"end":{"line":282,"column":null}},"type":"binary-expr","locations":[{"start":{"line":281,"column":15},"end":{"line":281,"column":39}},{"start":{"line":281,"column":39},"end":{"line":282,"column":null}}],"line":281},"21":{"loc":{"start":{"line":289,"column":9},"end":{"line":295,"column":null}},"type":"binary-expr","locations":[{"start":{"line":289,"column":9},"end":{"line":289,"column":null}},{"start":{"line":290,"column":10},"end":{"line":295,"column":null}}],"line":289},"22":{"loc":{"start":{"line":298,"column":9},"end":{"line":306,"column":null}},"type":"binary-expr","locations":[{"start":{"line":298,"column":9},"end":{"line":298,"column":null}},{"start":{"line":299,"column":10},"end":{"line":306,"column":null}}],"line":298},"23":{"loc":{"start":{"line":309,"column":9},"end":{"line":310,"column":null}},"type":"binary-expr","locations":[{"start":{"line":309,"column":9},"end":{"line":309,"column":null}},{"start":{"line":310,"column":10},"end":{"line":310,"column":null}}],"line":309},"24":{"loc":{"start":{"line":313,"column":9},"end":{"line":314,"column":null}},"type":"binary-expr","locations":[{"start":{"line":313,"column":9},"end":{"line":313,"column":null}},{"start":{"line":314,"column":10},"end":{"line":314,"column":null}}],"line":313},"25":{"loc":{"start":{"line":317,"column":9},"end":{"line":318,"column":null}},"type":"binary-expr","locations":[{"start":{"line":317,"column":9},"end":{"line":317,"column":null}},{"start":{"line":318,"column":10},"end":{"line":318,"column":null}}],"line":317}},"s":{"0":17,"1":17,"2":17,"3":17,"4":17,"5":17,"6":17,"7":0,"8":0,"9":0,"10":0,"11":0,"12":0,"13":17,"14":0,"15":0,"16":0,"17":0,"18":0,"19":0,"20":17,"21":34,"22":0,"23":17,"24":119,"25":119,"26":0,"27":0,"28":7,"29":0,"30":10,"31":0,"32":0,"33":0,"34":0,"35":0,"36":0,"37":0},"f":{"0":17,"1":17,"2":17,"3":0,"4":0,"5":0,"6":0,"7":34,"8":0,"9":119,"10":0,"11":0,"12":7,"13":0,"14":10,"15":0,"16":0,"17":0,"18":0,"19":0,"20":0,"21":0},"b":{"0":[0,0],"1":[0,0],"2":[0,0],"3":[0,0],"4":[0,17],"5":[17,102],"6":[17,85],"7":[17,68],"8":[17,51],"9":[17,34],"10":[17,17],"11":[17,102],"12":[17,102],"13":[17,102],"14":[17,102],"15":[17,17],"16":[7,10],"17":[17,0],"18":[0,0],"19":[17,0],"20":[0,0],"21":[17,0],"22":[17,0],"23":[17,0],"24":[17,0],"25":[17,0]},"meta":{"lastBranch":26,"lastFunction":22,"lastStatement":38,"seen":{"f:59:16:59:31":0,"s:76:24:76:Infinity":0,"s:77:20:77:Infinity":1,"s:79:25:81:Infinity":2,"f:79:36:79:44":1,"s:80:4:80:Infinity":3,"s:83:24:85:Infinity":4,"f:83:35:83:43":2,"s:84:4:84:Infinity":5,"s:87:8:94:Infinity":6,"f:87:8:87:27":3,"s:88:4:88:Infinity":7,"s:89:18:89:Infinity":8,"f:89:32:89:37":4,"s:89:42:89:84":9,"b:90:4:93:Infinity:undefined:undefined:undefined:undefined":0,"s:90:4:93:Infinity":10,"s:91:6:91:Infinity":11,"s:92:6:92:Infinity":12,"s:96:8:104:Infinity":13,"f:96:8:96:30":5,"b:97:4:103:Infinity:undefined:undefined:undefined:undefined":1,"s:97:4:103:Infinity":14,"b:97:8:97:29:97:29:97:54":2,"s:98:22:98:Infinity":15,"f:98:36:98:41":6,"s:98:46:98:100":16,"b:99:6:102:Infinity:undefined:undefined:undefined:undefined":3,"s:99:6:102:Infinity":17,"s:100:8:100:Infinity":18,"s:101:8:101:Infinity":19,"s:105:26:107:Infinity":20,"f:106:5:106:13":7,"s:106:26:106:55":21,"f:107:5:107:11":8,"s:107:34:107:49":22,"s:109:2:321:Infinity":23,"b:110:53:110:62:110:62:110:68":4,"f:141:10:141:15":9,"s:143:12:156:Infinity":24,"b:144:14:145:24:145:16:156:Infinity":5,"b:146:14:147:24:147:16:156:Infinity":6,"b:148:14:149:24:149:16:156:Infinity":7,"b:150:14:151:24:151:16:156:Infinity":8,"b:152:14:153:24:153:16:156:Infinity":9,"b:154:14:156:15:156:14:156:Infinity":10,"s:158:10:186:Infinity":25,"f:161:14:161:29":10,"s:161:29:161:Infinity":26,"b:169:22:169:Infinity:170:22:170:Infinity":11,"b:172:37:172:71:172:71:172:Infinity":12,"b:174:42:174:50:174:50:174:Infinity":13,"b:175:56:175:65:175:65:175:Infinity":14,"b:199:9:199:Infinity:200:10:257:Infinity":15,"f:205:16:205:27":11,"s:205:33:205:Infinity":27,"f:211:31:211:35":12,"s:211:40:211:76":28,"f:214:16:214:31":13,"s:214:31:214:Infinity":29,"b:223:14:225:29:225:14:227:Infinity":16,"f:225:29:225:34":14,"s:226:16:226:Infinity":30,"b:230:13:230:Infinity:231:14:255:Infinity":17,"f:231:44:231:59":15,"s:231:59:231:Infinity":31,"f:239:30:239:35":16,"s:240:20:246:Infinity":32,"f:245:22:245:37":17,"s:245:37:245:Infinity":33,"b:248:19:248:41:248:41:249:Infinity":18,"f:251:71:251:86":18,"s:251:86:251:111":34,"b:260:9:260:Infinity:261:10:286:Infinity":19,"f:273:28:273:33":19,"s:274:16:279:Infinity":35,"f:278:18:278:33":20,"s:278:33:278:Infinity":36,"b:281:15:281:39:281:39:282:Infinity":20,"f:283:29:283:34":21,"s:284:14:284:Infinity":37,"b:289:9:289:Infinity:290:10:295:Infinity":21,"b:298:9:298:Infinity:299:10:306:Infinity":22,"b:309:9:309:Infinity:310:10:310:Infinity":23,"b:313:9:313:Infinity:314:10:314:Infinity":24,"b:317:9:317:Infinity:318:10:318:Infinity":25},"fnNames":{}}}
,"/home/alex/Projects/seshat/src/components/chapter/SceneOutlinePanel.tsx": {"path":"/home/alex/Projects/seshat/src/components/chapter/SceneOutlinePanel.tsx","statementMap":{"0":{"start":{"line":19,"column":26},"end":{"line":22,"column":null}},"1":{"start":{"line":24,"column":2},"end":{"line":196,"column":null}},"2":{"start":{"line":50,"column":25},"end":{"line":50,"column":null}},"3":{"start":{"line":66,"column":10},"end":{"line":183,"column":null}},"4":{"start":{"line":102,"column":31},"end":{"line":102,"column":null}},"5":{"start":{"line":111,"column":19},"end":{"line":111,"column":null}},"6":{"start":{"line":114,"column":19},"end":{"line":114,"column":null}}},"fnMap":{"0":{"name":"SceneOutlinePanel","decl":{"start":{"line":18,"column":16},"end":{"line":18,"column":34}},"loc":{"start":{"line":18,"column":71},"end":{"line":198,"column":null}},"line":18},"1":{"name":"(anonymous_1)","decl":{"start":{"line":50,"column":10},"end":{"line":50,"column":25}},"loc":{"start":{"line":50,"column":25},"end":{"line":50,"column":null}},"line":50},"2":{"name":"(anonymous_2)","decl":{"start":{"line":65,"column":16},"end":{"line":65,"column":21}},"loc":{"start":{"line":66,"column":10},"end":{"line":183,"column":null}},"line":66},"3":{"name":"(anonymous_3)","decl":{"start":{"line":102,"column":16},"end":{"line":102,"column":31}},"loc":{"start":{"line":102,"column":31},"end":{"line":102,"column":null}},"line":102},"4":{"name":"(anonymous_4)","decl":{"start":{"line":110,"column":16},"end":{"line":110,"column":31}},"loc":{"start":{"line":111,"column":19},"end":{"line":111,"column":null}},"line":111},"5":{"name":"(anonymous_5)","decl":{"start":{"line":113,"column":16},"end":{"line":113,"column":31}},"loc":{"start":{"line":114,"column":19},"end":{"line":114,"column":null}},"line":114}},"branchMap":{"0":{"loc":{"start":{"line":187,"column":7},"end":{"line":194,"column":null}},"type":"binary-expr","locations":[{"start":{"line":187,"column":7},"end":{"line":187,"column":null}},{"start":{"line":188,"column":8},"end":{"line":194,"column":null}}],"line":187}},"s":{"0":17,"1":17,"2":0,"3":0,"4":0,"5":0,"6":0},"f":{"0":17,"1":0,"2":0,"3":0,"4":0,"5":0},"b":{"0":[17,0]},"meta":{"lastBranch":1,"lastFunction":6,"lastStatement":7,"seen":{"f:18:16:18:34":0,"s:19:26:22:Infinity":0,"s:24:2:196:Infinity":1,"f:50:10:50:25":1,"s:50:25:50:Infinity":2,"f:65:16:65:21":2,"s:66:10:183:Infinity":3,"f:102:16:102:31":3,"s:102:31:102:Infinity":4,"f:110:16:110:31":4,"s:111:19:111:Infinity":5,"f:113:16:113:31":5,"s:114:19:114:Infinity":6,"b:187:7:187:Infinity:188:8:194:Infinity":0},"fnNames":{}}}
,"/home/alex/Projects/seshat/src/components/chapter/WorldTabContent.tsx": {"path":"/home/alex/Projects/seshat/src/components/chapter/WorldTabContent.tsx","statementMap":{"0":{"start":{"line":11,"column":6},"end":{"line":37,"column":null}},"1":{"start":{"line":18,"column":2},"end":{"line":18,"column":null}},"2":{"start":{"line":18,"column":14},"end":{"line":18,"column":null}},"3":{"start":{"line":19,"column":2},"end":{"line":35,"column":null}},"4":{"start":{"line":39,"column":13},"end":{"line":63,"column":null}},"5":{"start":{"line":45,"column":17},"end":{"line":45,"column":null}},"6":{"start":{"line":47,"column":2},"end":{"line":53,"column":null}},"7":{"start":{"line":48,"column":4},"end":{"line":51,"column":null}},"8":{"start":{"line":55,"column":2},"end":{"line":61,"column":null}}},"fnMap":{"0":{"name":"WorldField","decl":{"start":{"line":11,"column":33},"end":{"line":11,"column":44}},"loc":{"start":{"line":17,"column":3},"end":{"line":37,"column":1}},"line":17},"1":{"name":"WorldTabContent","decl":{"start":{"line":39,"column":45},"end":{"line":39,"column":61}},"loc":{"start":{"line":44,"column":25},"end":{"line":63,"column":1}},"line":44}},"branchMap":{"0":{"loc":{"start":{"line":18,"column":2},"end":{"line":18,"column":null}},"type":"if","locations":[{"start":{"line":18,"column":2},"end":{"line":18,"column":null}},{"start":{},"end":{}}],"line":18},"1":{"loc":{"start":{"line":45,"column":17},"end":{"line":45,"column":null}},"type":"binary-expr","locations":[{"start":{"line":45,"column":17},"end":{"line":45,"column":29}},{"start":{"line":45,"column":29},"end":{"line":45,"column":39}},{"start":{"line":45,"column":39},"end":{"line":45,"column":50}},{"start":{"line":45,"column":50},"end":{"line":45,"column":null}}],"line":45},"2":{"loc":{"start":{"line":47,"column":2},"end":{"line":53,"column":null}},"type":"if","locations":[{"start":{"line":47,"column":2},"end":{"line":53,"column":null}},{"start":{},"end":{}}],"line":47}},"s":{"0":2,"1":12,"2":3,"3":9,"4":2,"5":4,"6":4,"7":1,"8":3},"f":{"0":12,"1":4},"b":{"0":[3,9],"1":[4,1,1,1],"2":[1,3]},"meta":{"lastBranch":3,"lastFunction":2,"lastStatement":9,"seen":{"s:11:6:37:Infinity":0,"f:11:33:11:44":0,"b:18:2:18:Infinity:undefined:undefined:undefined:undefined":0,"s:18:2:18:Infinity":1,"s:18:14:18:Infinity":2,"s:19:2:35:Infinity":3,"s:39:13:63:Infinity":4,"f:39:45:39:61":1,"s:45:17:45:Infinity":5,"b:45:17:45:29:45:29:45:39:45:39:45:50:45:50:45:Infinity":1,"b:47:2:53:Infinity:undefined:undefined:undefined:undefined":2,"s:47:2:53:Infinity":6,"s:48:4:51:Infinity":7,"s:55:2:61:Infinity":8},"fnNames":{}}}
,"/home/alex/Projects/seshat/src/components/character/AchievementBlock.tsx": {"path":"/home/alex/Projects/seshat/src/components/character/AchievementBlock.tsx","statementMap":{"0":{"start":{"line":11,"column":2},"end":{"line":47,"column":null}}},"fnMap":{"0":{"name":"AchievementBlock","decl":{"start":{"line":10,"column":16},"end":{"line":10,"column":33}},"loc":{"start":{"line":10,"column":94},"end":{"line":49,"column":null}},"line":10}},"branchMap":{},"s":{"0":0},"f":{"0":0},"b":{},"meta":{"lastBranch":0,"lastFunction":1,"lastStatement":1,"seen":{"f:10:16:10:33":0,"s:11:2:47:Infinity":0},"fnNames":{}}}
,"/home/alex/Projects/seshat/src/components/character/ArcBlock.tsx": {"path":"/home/alex/Projects/seshat/src/components/character/ArcBlock.tsx","statementMap":{"0":{"start":{"line":12,"column":2},"end":{"line":86,"column":null}}},"fnMap":{"0":{"name":"ArcBlock","decl":{"start":{"line":11,"column":16},"end":{"line":11,"column":25}},"loc":{"start":{"line":11,"column":85},"end":{"line":88,"column":null}},"line":11}},"branchMap":{},"s":{"0":0},"f":{"0":0},"b":{},"meta":{"lastBranch":0,"lastFunction":1,"lastStatement":1,"seen":{"f:11:16:11:25":0,"s:12:2:86:Infinity":0},"fnNames":{}}}
,"/home/alex/Projects/seshat/src/components/character/ConditionBlock.tsx": {"path":"/home/alex/Projects/seshat/src/components/character/ConditionBlock.tsx","statementMap":{"0":{"start":{"line":13,"column":2},"end":{"line":71,"column":null}}},"fnMap":{"0":{"name":"ConditionBlock","decl":{"start":{"line":12,"column":16},"end":{"line":12,"column":31}},"loc":{"start":{"line":12,"column":97},"end":{"line":73,"column":null}},"line":12}},"branchMap":{},"s":{"0":0},"f":{"0":0},"b":{},"meta":{"lastBranch":0,"lastFunction":1,"lastStatement":1,"seen":{"f:12:16:12:31":0,"s:13:2:71:Infinity":0},"fnNames":{}}}
,"/home/alex/Projects/seshat/src/components/character/LossBlock.tsx": {"path":"/home/alex/Projects/seshat/src/components/character/LossBlock.tsx","statementMap":{"0":{"start":{"line":11,"column":2},"end":{"line":41,"column":null}}},"fnMap":{"0":{"name":"LossBlock","decl":{"start":{"line":10,"column":16},"end":{"line":10,"column":26}},"loc":{"start":{"line":10,"column":80},"end":{"line":43,"column":null}},"line":10}},"branchMap":{},"s":{"0":0},"f":{"0":0},"b":{},"meta":{"lastBranch":0,"lastFunction":1,"lastStatement":1,"seen":{"f:10:16:10:26":0,"s:11:2:41:Infinity":0},"fnNames":{}}}
,"/home/alex/Projects/seshat/src/components/character/RelationshipBlock.tsx": {"path":"/home/alex/Projects/seshat/src/components/character/RelationshipBlock.tsx","statementMap":{"0":{"start":{"line":20,"column":26},"end":{"line":23,"column":null}},"1":{"start":{"line":25,"column":30},"end":{"line":27,"column":null}},"2":{"start":{"line":26,"column":19},"end":{"line":26,"column":46}},"3":{"start":{"line":27,"column":17},"end":{"line":27,"column":48}},"4":{"start":{"line":29,"column":2},"end":{"line":95,"column":null}},"5":{"start":{"line":53,"column":27},"end":{"line":53,"column":null}},"6":{"start":{"line":62,"column":12},"end":{"line":88,"column":null}},"7":{"start":{"line":81,"column":31},"end":{"line":81,"column":null}},"8":{"start":{"line":83,"column":38},"end":{"line":83,"column":null}},"9":{"start":{"line":84,"column":38},"end":{"line":84,"column":null}}},"fnMap":{"0":{"name":"RelationshipBlock","decl":{"start":{"line":13,"column":16},"end":{"line":13,"column":34}},"loc":{"start":{"line":19,"column":27},"end":{"line":97,"column":null}},"line":19},"1":{"name":"(anonymous_1)","decl":{"start":{"line":26,"column":5},"end":{"line":26,"column":13}},"loc":{"start":{"line":26,"column":19},"end":{"line":26,"column":46}},"line":26},"2":{"name":"(anonymous_2)","decl":{"start":{"line":27,"column":5},"end":{"line":27,"column":10}},"loc":{"start":{"line":27,"column":17},"end":{"line":27,"column":48}},"line":27},"3":{"name":"(anonymous_3)","decl":{"start":{"line":53,"column":12},"end":{"line":53,"column":27}},"loc":{"start":{"line":53,"column":27},"end":{"line":53,"column":null}},"line":53},"4":{"name":"(anonymous_4)","decl":{"start":{"line":61,"column":18},"end":{"line":61,"column":23}},"loc":{"start":{"line":62,"column":12},"end":{"line":88,"column":null}},"line":62},"5":{"name":"(anonymous_5)","decl":{"start":{"line":81,"column":16},"end":{"line":81,"column":31}},"loc":{"start":{"line":81,"column":31},"end":{"line":81,"column":null}},"line":81},"6":{"name":"(anonymous_6)","decl":{"start":{"line":83,"column":16},"end":{"line":83,"column":31}},"loc":{"start":{"line":83,"column":38},"end":{"line":83,"column":null}},"line":83},"7":{"name":"(anonymous_7)","decl":{"start":{"line":84,"column":16},"end":{"line":84,"column":31}},"loc":{"start":{"line":84,"column":38},"end":{"line":84,"column":null}},"line":84}},"branchMap":{"0":{"loc":{"start":{"line":90,"column":11},"end":{"line":93,"column":null}},"type":"binary-expr","locations":[{"start":{"line":90,"column":11},"end":{"line":90,"column":null}},{"start":{"line":91,"column":12},"end":{"line":93,"column":null}}],"line":90}},"s":{"0":0,"1":0,"2":0,"3":0,"4":0,"5":0,"6":0,"7":0,"8":0,"9":0},"f":{"0":0,"1":0,"2":0,"3":0,"4":0,"5":0,"6":0,"7":0},"b":{"0":[0,0]},"meta":{"lastBranch":1,"lastFunction":8,"lastStatement":10,"seen":{"f:13:16:13:34":0,"s:20:26:23:Infinity":0,"s:25:30:27:Infinity":1,"f:26:5:26:13":1,"s:26:19:26:46":2,"f:27:5:27:10":2,"s:27:17:27:48":3,"s:29:2:95:Infinity":4,"f:53:12:53:27":3,"s:53:27:53:Infinity":5,"f:61:18:61:23":4,"s:62:12:88:Infinity":6,"f:81:16:81:31":5,"s:81:31:81:Infinity":7,"f:83:16:83:31":6,"s:83:38:83:Infinity":8,"f:84:16:84:31":7,"s:84:38:84:Infinity":9,"b:90:11:90:Infinity:91:12:93:Infinity":0},"fnNames":{}}}
,"/home/alex/Projects/seshat/src/components/character/StatusBlock.tsx": {"path":"/home/alex/Projects/seshat/src/components/character/StatusBlock.tsx","statementMap":{"0":{"start":{"line":17,"column":2},"end":{"line":107,"column":null}}},"fnMap":{"0":{"name":"StatusBlock","decl":{"start":{"line":10,"column":16},"end":{"line":10,"column":28}},"loc":{"start":{"line":16,"column":52},"end":{"line":109,"column":null}},"line":16}},"branchMap":{},"s":{"0":0},"f":{"0":0},"b":{},"meta":{"lastBranch":0,"lastFunction":1,"lastStatement":1,"seen":{"f:10:16:10:28":0,"s:17:2:107:Infinity":0},"fnNames":{}}}
,"/home/alex/Projects/seshat/src/components/fight/NoteRow.tsx": {"path":"/home/alex/Projects/seshat/src/components/fight/NoteRow.tsx","statementMap":{"0":{"start":{"line":4,"column":13},"end":{"line":47,"column":null}},"1":{"start":{"line":5,"column":2},"end":{"line":45,"column":null}}},"fnMap":{"0":{"name":"NoteRow","decl":{"start":{"line":4,"column":37},"end":{"line":4,"column":45}},"loc":{"start":{"line":4,"column":65},"end":{"line":47,"column":1}},"line":4}},"branchMap":{"0":{"loc":{"start":{"line":20,"column":7},"end":{"line":31,"column":null}},"type":"binary-expr","locations":[{"start":{"line":20,"column":7},"end":{"line":20,"column":null}},{"start":{"line":21,"column":8},"end":{"line":31,"column":null}}],"line":20},"1":{"loc":{"start":{"line":23,"column":19},"end":{"line":23,"column":null}},"type":"cond-expr","locations":[{"start":{"line":23,"column":32},"end":{"line":23,"column":55}},{"start":{"line":23,"column":55},"end":{"line":23,"column":null}}],"line":23},"2":{"loc":{"start":{"line":29,"column":11},"end":{"line":29,"column":null}},"type":"cond-expr","locations":[{"start":{"line":29,"column":23},"end":{"line":29,"column":29}},{"start":{"line":29,"column":29},"end":{"line":29,"column":null}}],"line":29},"3":{"loc":{"start":{"line":33,"column":7},"end":{"line":43,"column":null}},"type":"binary-expr","locations":[{"start":{"line":33,"column":7},"end":{"line":33,"column":null}},{"start":{"line":34,"column":8},"end":{"line":43,"column":null}}],"line":33}},"s":{"0":1,"1":4},"f":{"0":4},"b":{"0":[4,3],"1":[2,1],"2":[2,1],"3":[4,1]},"meta":{"lastBranch":4,"lastFunction":1,"lastStatement":2,"seen":{"s:4:13:47:Infinity":0,"f:4:37:4:45":0,"s:5:2:45:Infinity":1,"b:20:7:20:Infinity:21:8:31:Infinity":0,"b:23:32:23:55:23:55:23:Infinity":1,"b:29:23:29:29:29:29:29:Infinity":2,"b:33:7:33:Infinity:34:8:43:Infinity":3},"fnNames":{}}}
,"/home/alex/Projects/seshat/src/components/fight/SnapshotCard.tsx": {"path":"/home/alex/Projects/seshat/src/components/fight/SnapshotCard.tsx","statementMap":{"0":{"start":{"line":12,"column":13},"end":{"line":36,"column":null}},"1":{"start":{"line":13,"column":2},"end":{"line":34,"column":null}}},"fnMap":{"0":{"name":"SnapshotCard","decl":{"start":{"line":12,"column":42},"end":{"line":12,"column":55}},"loc":{"start":{"line":12,"column":99},"end":{"line":36,"column":1}},"line":12}},"branchMap":{"0":{"loc":{"start":{"line":25,"column":9},"end":{"line":27,"column":null}},"type":"cond-expr","locations":[{"start":{"line":26,"column":12},"end":{"line":26,"column":null}},{"start":{"line":27,"column":12},"end":{"line":27,"column":null}}],"line":25},"1":{"loc":{"start":{"line":29,"column":7},"end":{"line":32,"column":null}},"type":"binary-expr","locations":[{"start":{"line":29,"column":7},"end":{"line":29,"column":null}},{"start":{"line":30,"column":8},"end":{"line":32,"column":null}}],"line":29}},"s":{"0":1,"1":3},"f":{"0":3},"b":{"0":[2,1],"1":[3,2]},"meta":{"lastBranch":2,"lastFunction":1,"lastStatement":2,"seen":{"s:12:13:36:Infinity":0,"f:12:42:12:55":0,"s:13:2:34:Infinity":1,"b:26:12:26:Infinity:27:12:27:Infinity":0,"b:29:7:29:Infinity:30:8:32:Infinity":1},"fnNames":{}}}
,"/home/alex/Projects/seshat/src/components/fight/WinBar.tsx": {"path":"/home/alex/Projects/seshat/src/components/fight/WinBar.tsx","statementMap":{"0":{"start":{"line":13,"column":13},"end":{"line":81,"column":null}},"1":{"start":{"line":14,"column":2},"end":{"line":79,"column":null}}},"fnMap":{"0":{"name":"WinBar","decl":{"start":{"line":13,"column":36},"end":{"line":13,"column":43}},"loc":{"start":{"line":13,"column":98},"end":{"line":81,"column":1}},"line":13}},"branchMap":{"0":{"loc":{"start":{"line":61,"column":9},"end":{"line":76,"column":null}},"type":"cond-expr","locations":[{"start":{"line":62,"column":10},"end":{"line":64,"column":11}},{"start":{"line":64,"column":10},"end":{"line":76,"column":null}}],"line":61},"1":{"loc":{"start":{"line":67,"column":21},"end":{"line":67,"column":null}},"type":"cond-expr","locations":[{"start":{"line":67,"column":35},"end":{"line":67,"column":42}},{"start":{"line":67,"column":42},"end":{"line":67,"column":null}}],"line":67},"2":{"loc":{"start":{"line":74,"column":13},"end":{"line":74,"column":41}},"type":"cond-expr","locations":[{"start":{"line":74,"column":27},"end":{"line":74,"column":35}},{"start":{"line":74,"column":35},"end":{"line":74,"column":41}}],"line":74}},"s":{"0":1,"1":6},"f":{"0":6},"b":{"0":[3,3],"1":[3,0],"2":[3,0]},"meta":{"lastBranch":3,"lastFunction":1,"lastStatement":2,"seen":{"s:13:13:81:Infinity":0,"f:13:36:13:43":0,"s:14:2:79:Infinity":1,"b:62:10:64:11:64:10:76:Infinity":0,"b:67:35:67:42:67:42:67:Infinity":1,"b:74:27:74:35:74:35:74:41":2},"fnNames":{}}}
,"/home/alex/Projects/seshat/src/components/ui/CharStatusPanel.tsx": {"path":"/home/alex/Projects/seshat/src/components/ui/CharStatusPanel.tsx","statementMap":{"0":{"start":{"line":20,"column":17},"end":{"line":24,"column":null}},"1":{"start":{"line":21,"column":16},"end":{"line":21,"column":null}},"2":{"start":{"line":21,"column":35},"end":{"line":21,"column":53}},"3":{"start":{"line":22,"column":16},"end":{"line":22,"column":null}},"4":{"start":{"line":22,"column":35},"end":{"line":22,"column":53}},"5":{"start":{"line":23,"column":4},"end":{"line":23,"column":null}},"6":{"start":{"line":26,"column":8},"end":{"line":29,"column":null}},"7":{"start":{"line":27,"column":17},"end":{"line":27,"column":null}},"8":{"start":{"line":27,"column":45},"end":{"line":27,"column":91}},"9":{"start":{"line":28,"column":4},"end":{"line":28,"column":null}},"10":{"start":{"line":31,"column":8},"end":{"line":33,"column":null}},"11":{"start":{"line":32,"column":4},"end":{"line":32,"column":null}},"12":{"start":{"line":32,"column":46},"end":{"line":32,"column":61}},"13":{"start":{"line":35,"column":15},"end":{"line":35,"column":null}},"14":{"start":{"line":36,"column":25},"end":{"line":42,"column":null}},"15":{"start":{"line":44,"column":2},"end":{"line":275,"column":null}},"16":{"start":{"line":71,"column":19},"end":{"line":71,"column":null}},"17":{"start":{"line":71,"column":38},"end":{"line":71,"column":60}},"18":{"start":{"line":72,"column":24},"end":{"line":72,"column":null}},"19":{"start":{"line":73,"column":22},"end":{"line":73,"column":null}},"20":{"start":{"line":75,"column":8},"end":{"line":266,"column":null}},"21":{"start":{"line":98,"column":33},"end":{"line":98,"column":null}},"22":{"start":{"line":116,"column":31},"end":{"line":116,"column":null}},"23":{"start":{"line":147,"column":35},"end":{"line":147,"column":null}},"24":{"start":{"line":158,"column":35},"end":{"line":158,"column":null}},"25":{"start":{"line":177,"column":35},"end":{"line":177,"column":null}},"26":{"start":{"line":186,"column":35},"end":{"line":186,"column":null}},"27":{"start":{"line":206,"column":35},"end":{"line":206,"column":null}},"28":{"start":{"line":211,"column":20},"end":{"line":211,"column":null}},"29":{"start":{"line":219,"column":35},"end":{"line":219,"column":null}},"30":{"start":{"line":224,"column":20},"end":{"line":224,"column":null}},"31":{"start":{"line":232,"column":35},"end":{"line":232,"column":null}},"32":{"start":{"line":241,"column":35},"end":{"line":241,"column":null}},"33":{"start":{"line":250,"column":31},"end":{"line":250,"column":null}}},"fnMap":{"0":{"name":"CharStatusPanel","decl":{"start":{"line":14,"column":16},"end":{"line":14,"column":32}},"loc":{"start":{"line":19,"column":25},"end":{"line":277,"column":null}},"line":19},"1":{"name":"(anonymous_1)","decl":{"start":{"line":20,"column":37},"end":{"line":20,"column":43}},"loc":{"start":{"line":20,"column":52},"end":{"line":24,"column":3}},"line":20},"2":{"name":"(anonymous_2)","decl":{"start":{"line":21,"column":23},"end":{"line":21,"column":29}},"loc":{"start":{"line":21,"column":35},"end":{"line":21,"column":53}},"line":21},"3":{"name":"(anonymous_3)","decl":{"start":{"line":22,"column":23},"end":{"line":22,"column":29}},"loc":{"start":{"line":22,"column":35},"end":{"line":22,"column":53}},"line":22},"4":{"name":"(anonymous_4)","decl":{"start":{"line":26,"column":8},"end":{"line":26,"column":17}},"loc":{"start":{"line":26,"column":89},"end":{"line":29,"column":null}},"line":26},"5":{"name":"(anonymous_5)","decl":{"start":{"line":27,"column":32},"end":{"line":27,"column":36}},"loc":{"start":{"line":27,"column":45},"end":{"line":27,"column":91}},"line":27},"6":{"name":"(anonymous_6)","decl":{"start":{"line":31,"column":8},"end":{"line":31,"column":18}},"loc":{"start":{"line":31,"column":33},"end":{"line":33,"column":null}},"line":31},"7":{"name":"(anonymous_7)","decl":{"start":{"line":32,"column":28},"end":{"line":32,"column":36}},"loc":{"start":{"line":32,"column":46},"end":{"line":32,"column":61}},"line":32},"8":{"name":"(anonymous_8)","decl":{"start":{"line":70,"column":14},"end":{"line":70,"column":19}},"loc":{"start":{"line":70,"column":29},"end":{"line":268,"column":7}},"line":70},"9":{"name":"(anonymous_9)","decl":{"start":{"line":71,"column":26},"end":{"line":71,"column":32}},"loc":{"start":{"line":71,"column":38},"end":{"line":71,"column":60}},"line":71},"10":{"name":"(anonymous_10)","decl":{"start":{"line":98,"column":16},"end":{"line":98,"column":27}},"loc":{"start":{"line":98,"column":33},"end":{"line":98,"column":null}},"line":98},"11":{"name":"(anonymous_11)","decl":{"start":{"line":116,"column":16},"end":{"line":116,"column":31}},"loc":{"start":{"line":116,"column":31},"end":{"line":116,"column":null}},"line":116},"12":{"name":"(anonymous_12)","decl":{"start":{"line":147,"column":18},"end":{"line":147,"column":29}},"loc":{"start":{"line":147,"column":35},"end":{"line":147,"column":null}},"line":147},"13":{"name":"(anonymous_13)","decl":{"start":{"line":158,"column":18},"end":{"line":158,"column":29}},"loc":{"start":{"line":158,"column":35},"end":{"line":158,"column":null}},"line":158},"14":{"name":"(anonymous_14)","decl":{"start":{"line":177,"column":18},"end":{"line":177,"column":29}},"loc":{"start":{"line":177,"column":35},"end":{"line":177,"column":null}},"line":177},"15":{"name":"(anonymous_15)","decl":{"start":{"line":186,"column":18},"end":{"line":186,"column":29}},"loc":{"start":{"line":186,"column":35},"end":{"line":186,"column":null}},"line":186},"16":{"name":"(anonymous_16)","decl":{"start":{"line":206,"column":18},"end":{"line":206,"column":29}},"loc":{"start":{"line":206,"column":35},"end":{"line":206,"column":null}},"line":206},"17":{"name":"(anonymous_17)","decl":{"start":{"line":210,"column":31},"end":{"line":210,"column":36}},"loc":{"start":{"line":211,"column":20},"end":{"line":211,"column":null}},"line":211},"18":{"name":"(anonymous_18)","decl":{"start":{"line":219,"column":18},"end":{"line":219,"column":29}},"loc":{"start":{"line":219,"column":35},"end":{"line":219,"column":null}},"line":219},"19":{"name":"(anonymous_19)","decl":{"start":{"line":223,"column":30},"end":{"line":223,"column":35}},"loc":{"start":{"line":224,"column":20},"end":{"line":224,"column":null}},"line":224},"20":{"name":"(anonymous_20)","decl":{"start":{"line":232,"column":18},"end":{"line":232,"column":29}},"loc":{"start":{"line":232,"column":35},"end":{"line":232,"column":null}},"line":232},"21":{"name":"(anonymous_21)","decl":{"start":{"line":241,"column":18},"end":{"line":241,"column":29}},"loc":{"start":{"line":241,"column":35},"end":{"line":241,"column":null}},"line":241},"22":{"name":"(anonymous_22)","decl":{"start":{"line":250,"column":14},"end":{"line":250,"column":25}},"loc":{"start":{"line":250,"column":31},"end":{"line":250,"column":null}},"line":250}},"branchMap":{"0":{"loc":{"start":{"line":23,"column":4},"end":{"line":23,"column":null}},"type":"binary-expr","locations":[{"start":{"line":23,"column":4},"end":{"line":23,"column":50}},{"start":{"line":23,"column":50},"end":{"line":23,"column":null}}],"line":23},"1":{"loc":{"start":{"line":23,"column":12},"end":{"line":23,"column":31}},"type":"binary-expr","locations":[{"start":{"line":23,"column":12},"end":{"line":23,"column":25}},{"start":{"line":23,"column":25},"end":{"line":23,"co
[...]
,"column":null}}],"line":1097},"98":{"loc":{"start":{"line":1109,"column":25},"end":{"line":1109,"column":null}},"type":"cond-expr","locations":[{"start":{"line":1109,"column":34},"end":{"line":1109,"column":57}},{"start":{"line":1109,"column":57},"end":{"line":1109,"column":null}}],"line":1109},"99":{"loc":{"start":{"line":1112,"column":17},"end":{"line":1112,"column":null}},"type":"cond-expr","locations":[{"start":{"line":1112,"column":26},"end":{"line":1112,"column":38}},{"start":{"line":1112,"column":38},"end":{"line":1112,"column":null}}],"line":1112},"100":{"loc":{"start":{"line":1177,"column":29},"end":{"line":1177,"column":null}},"type":"cond-expr","locations":[{"start":{"line":1177,"column":37},"end":{"line":1177,"column":61}},{"start":{"line":1177,"column":61},"end":{"line":1177,"column":null}}],"line":1177},"101":{"loc":{"start":{"line":1179,"column":20},"end":{"line":1179,"column":null}},"type":"cond-expr","locations":[{"start":{"line":1179,"column":28},"end":{"line":1179,"column":48}},{"start":{"line":1179,"column":48},"end":{"line":1179,"column":null}}],"line":1179},"102":{"loc":{"start":{"line":1180,"column":19},"end":{"line":1180,"column":null}},"type":"cond-expr","locations":[{"start":{"line":1180,"column":27},"end":{"line":1180,"column":58}},{"start":{"line":1180,"column":58},"end":{"line":1180,"column":null}}],"line":1180},"103":{"loc":{"start":{"line":1195,"column":26},"end":{"line":1195,"column":null}},"type":"cond-expr","locations":[{"start":{"line":1195,"column":58},"end":{"line":1195,"column":62}},{"start":{"line":1195,"column":62},"end":{"line":1195,"column":null}}],"line":1195},"104":{"loc":{"start":{"line":1195,"column":26},"end":{"line":1195,"column":58}},"type":"binary-expr","locations":[{"start":{"line":1195,"column":26},"end":{"line":1195,"column":35}},{"start":{"line":1195,"column":35},"end":{"line":1195,"column":43}},{"start":{"line":1195,"column":43},"end":{"line":1195,"column":58}}],"line":1195},"105":{"loc":{"start":{"line":1201,"column":11},"end":{"line":1212,"column":null}},"type":"binary-expr","locations":[{"start":{"line":1201,"column":11},"end":{"line":1201,"column":null}},{"start":{"line":1202,"column":12},"end":{"line":1212,"column":null}}],"line":1201},"106":{"loc":{"start":{"line":1213,"column":9},"end":{"line":1223,"column":null}},"type":"binary-expr","locations":[{"start":{"line":1213,"column":9},"end":{"line":1213,"column":null}},{"start":{"line":1214,"column":10},"end":{"line":1223,"column":null}}],"line":1213},"107":{"loc":{"start":{"line":1222,"column":13},"end":{"line":1222,"column":null}},"type":"cond-expr","locations":[{"start":{"line":1222,"column":33},"end":{"line":1222,"column":60}},{"start":{"line":1222,"column":60},"end":{"line":1222,"column":null}}],"line":1222},"108":{"loc":{"start":{"line":1225,"column":9},"end":{"line":1239,"column":null}},"type":"binary-expr","locations":[{"start":{"line":1225,"column":9},"end":{"line":1225,"column":17}},{"start":{"line":1225,"column":17},"end":{"line":1225,"column":null}},{"start":{"line":1226,"column":10},"end":{"line":1239,"column":null}}],"line":1225},"109":{"loc":{"start":{"line":1250,"column":19},"end":{"line":1250,"column":null}},"type":"cond-expr","locations":[{"start":{"line":1250,"column":27},"end":{"line":1250,"column":31}},{"start":{"line":1250,"column":31},"end":{"line":1250,"column":null}}],"line":1250}},"s":{"0":16,"1":16,"2":16,"3":16,"4":16,"5":16,"6":16,"7":16,"8":17,"9":0,"10":17,"11":17,"12":16,"13":17,"14":0,"15":17,"16":17,"17":16,"18":16,"19":5,"20":4,"21":16,"22":16,"23":16,"24":16,"25":16,"26":16,"27":16,"28":16,"29":16,"30":16,"31":5,"32":5,"33":0,"34":16,"35":2,"36":14,"37":1,"38":1,"39":0,"40":1,"41":1,"42":1,"43":1,"44":1,"45":1,"46":1,"47":1,"48":1,"49":1,"50":1,"51":1,"52":1,"53":1,"54":1,"55":1,"56":1,"57":1,"58":1,"59":1,"60":1,"61":1,"62":1,"63":1,"64":1,"65":0,"66":1,"67":14,"68":1,"69":1,"70":1,"71":1,"72":1,"73":14,"74":0,"75":14,"76":2,"77":2,"78":2,"79":3,"80":2,"81":14,"82":1,"83":1,"84":0,"85":14,"86":0,"87":0,"88":14,"89":0,"90":0,"91":0,"92":0,"93":0,"94":0,"95":0,"96":0,"97":0,"98":0,"99":0,"100":0,"101":0,"102":0,"103":0,"104":0,"105":0,"106":1,"107":10,"108":0,"109":1,"110":0,"111":0,"112":0,"113":0,"114":0,"115":0,"116":0,"117":0,"118":0,"119":0,"120":0,"121":0,"122":0,"123":0,"124":0,"125":0,"126":0,"127":0,"128":0,"129":0,"130":0,"131":0,"132":0,"133":0,"134":0,"135":0,"136":0,"137":0,"138":0,"139":0,"140":0,"141":0,"142":0,"143":0,"144":0,"145":0,"146":0,"147":0,"148":0,"149":0,"150":0,"151":0,"152":0,"153":0,"154":0,"155":0,"156":10,"157":10,"158":0,"159":0,"160":18,"161":1,"162":1,"163":0,"164":0},"f":{"0":16,"1":17,"2":17,"3":17,"4":17,"5":5,"6":5,"7":1,"8":1,"9":0,"10":2,"11":3,"12":1,"13":0,"14":0,"15":0,"16":0,"17":0,"18":0,"19":0,"20":0,"21":0,"22":0,"23":0,"24":1,"25":10,"26":0,"27":1,"28":0,"29":0,"30":0,"31":0,"32":0,"33":0,"34":0,"35":0,"36":0,"37":0,"38":0,"39":0,"40":0,"41":0,"42":0,"43":0,"44":0,"45":0,"46":0,"47":0,"48":0,"49":0,"50":0,"51":0,"52":0,"53":0,"54":0,"55":0,"56":0,"57":0,"58":0,"59":0,"60":0,"61":0,"62":0,"63":0,"64":10,"65":0,"66":0,"67":18,"68":1,"69":0,"70":0},"b":{"0":[0,17],"1":[0,17],"2":[4,1],"3":[4,0],"4":[4,0],"5":[4,0],"6":[4,0],"7":[4,0],"8":[4,0],"9":[4,0],"10":[4,0],"11":[4,0],"12":[4,0],"13":[4,0],"14":[4,0],"15":[4,0],"16":[4,0],"17":[4,0],"18":[16,0],"19":[16,0],"20":[16,0],"21":[16,0],"22":[16,0],"23":[16,0],"24":[16,0],"25":[16,0],"26":[5,0],"27":[5,0],"28":[2,14],"29":[0,1],"30":[1,1],"31":[1,0],"32":[1,0],"33":[1,0],"34":[1,0],"35":[1,0],"36":[1,1,1],"37":[1,0],"38":[1,1],"39":[14,2],"40":[13,1],"41":[16,2],"42":[13,1],"43":[16,2],"44":[1,13],"45":[0,0],"46":[0,0],"47":[0,0],"48":[0,0],"49":[0,0],"50":[0,0],"51":[0,0],"52":[0,0],"53":[0,0],"54":[0,0],"55":[0,0],"56":[0,0],"57":[0,0],"58":[16,14],"59":[10,1],"60":[9,1],"61":[10,9],"62":[10,9],"63":[16,5],"64":[0,0],"65":[0,0],"66":[0,0],"67":[0,0],"68":[0,0],"69":[0,0],"70":[0,0],"71":[0,0],"72":[16,14],"73":[0,0],"74":[0,0],"75":[0,0],"76":[0,0],"77":[16,14],"78":[0,0],"79":[0,0],"80":[0,0],"81":[16,14],"82":[0,0],"83":[0,0],"84":[16,14],"85":[0,0],"86":[0,0],"87":[0,0],"88":[16,14],"89":[16,1,1],"90":[16,0,0],"91":[16,0,0],"92":[16,0,0],"93":[16,0,0],"94":[16,0,0],"95":[16,0,0],"96":[16,0],"97":[0,0],"98":[0,0],"99":[0,0],"100":[0,10],"101":[0,10],"102":[0,10],"103":[9,1],"104":[10,1,1],"105":[10,9],"106":[10,9],"107":[0,9],"108":[10,10,9],"109":[0,10]},"meta":{"lastBranch":110,"lastFunction":71,"lastStatement":165,"seen":{"f:70:24:70:40":0,"s:71:10:71:Infinity":0,"s:72:8:72:Infinity":1,"s:73:8:73:Infinity":2,"s:74:16:74:Infinity":3,"s:75:19:75:Infinity":4,"s:76:21:76:Infinity":5,"s:77:17:77:Infinity":6,"s:79:8:82:Infinity":7,"f:79:15:79:33":1,"b:80:4:80:Infinity:undefined:undefined:undefined:undefined":0,"s:80:4:80:Infinity":8,"s:80:21:80:Infinity":9,"s:81:4:81:Infinity":10,"f:81:52:81:58":2,"s:81:64:81:75":11,"s:83:8:88:Infinity":12,"f:83:14:83:32":3,"b:84:4:84:Infinity:undefined:undefined:undefined:undefined":1,"s:84:4:84:Infinity":13,"s:84:21:84:Infinity":14,"s:85:4:87:Infinity":15,"f:87:7:87:18":4,"s:87:24:87:35":16,"s:96:17:115:Infinity":17,"s:117:2:138:Infinity":18,"f:117:2:117:18":5,"b:118:4:136:Infinity:undefined:undefined:undefined:undefined":2,"s:118:4:136:Infinity":19,"s:119:6:135:Infinity":20,"b:120:14:120:27:120:27:120:Infinity":3,"b:121:14:121:27:121:27:121:Infinity":4,"b:122:19:122:37:122:37:122:Infinity":5,"b:123:19:123:37:123:37:123:Infinity":6,"b:124:18:124:35:124:35:124:Infinity":7,"b:125:20:125:39:125:39:125:Infinity":8,"b:126:20:126:39:126:39:126:Infinity":9,"b:127:17:127:33:127:33:127:Infinity":10,"b:128:14:128:27:128:27:128:Infinity":11,"b:129:24:129:47:129:47:129:Infinity":12,"b:130:17:130:33:130:33:130:Infinity":13,"b:131:20:131:39:131:39:131:Infinity":14,"b:132:22:132:43:132:43:132:Infinity":15,"b:133:16:133:31:133:31:133:Infinity":16,"b:134:23:134:45:134:45:134:Infinity":17,"s:140:8:140:Infinity":21,"s:142:8:142:Infinity":22,"b:142:8:142:74:142:74:142:Infinity":18,"s:143:8:143:Infinity":23,"b:143:8:143:54:143:54:143:Infinity":19,"s:144:8:144:Infinity":24,"b:144:8:144:60:144:60:144:Infinity":20,"s:145:8:145:Infinity":25,"b:145:8:145:66:145:66:145:Infinity":21,"s:146:8:146:Infinity":26,"b:146:8:146:70:146:70:146:Infinity":22,"s:147:8:147:Infinity":27,"b:147:8:147:58:147:58:147:Infinity":23,"s:148:8:148:Infinity":28,"b:148:8:148:72:148:72:148:Infinity":24,"s:149:8:149:Infinity":29,"b:149:8:149:43:149:43:149:Infinity":25,"s:151:8:167:Infinity":30,"f:151:21:151:35":6,"b:152:4:152:Infinity:undefined:undefined:undefined:undefined":26,"s:152:4:152:Infinity":31,"b:152:8:152:23:152:23:152:30":27,"s:152:30:152:Infinity":32,"s:153:4:166:Infinity":33,"b:169:2:175:Infinity:undefined:undefined:undefined:undefined":28,"s:169:2:175:Infinity":34,"s:170:4:173:Infinity":35,"s:177:19:238:Infinity":36,"f:177:19:177:31":7,"s:178:17:178:Infinity":37,"b:179:4:179:Infinity:undefined:undefined:undefined:undefined":29,"s:179:4:179:Infinity":38,"b:179:8:179:23:179:23:179:32":30,"s:179:32:179:Infinity":39,"s:180:14:180:Infinity":40,"s:181:4:181:Infinity":41,"s:182:4:182:Infinity":42,"s:183:4:183:Infinity":43,"s:184:4:184:Infinity":44,"s:185:4:185:Infinity":45,"s:186:4:186:Infinity":46,"s:187:4:187:Infinity":47,"s:188:4:188:Infinity":48,"s:189:4:189:Infinity":49,"b:189:25:189:48:189:48:189:50":31,"s:190:4:190:Infinity":50,"b:190:15:190:28:190:28:190:30":32,"s:191:4:191:Infinity":51,"b:191:18:191:34:191:34:191:36":33,"s:192:4:192:Infinity":52,"s:193:4:193:Infinity":53,"s:194:4:194:Infinity":54,"s:195:4:195:Infinity":55,"s:199:6:200:Infinity":56,"b:199:6:199:Infinity:200:6:200:Infinity":34,"s:201:19:201:Infinity":57,"b:202:4:237:Infinity:undefined:undefined:undefined:undefined":35,"s:202:4:237:Infinity":58,"b:202:8:202:17:202:17:202:23:202:23:202:31":36,"s:203:6:236:Infinity":59,"s:204:8:204:Infinity":60,"s:205:24:223:Infinity":61,"s:224:8:229:Infinity":62,"s:230:8:230:Infinity":63,"s:231:8:231:Infinity":64,"s:233:8:233:Infinity":65,"s:235:8:235:Infinity":66,"s:241:8:265:Infinity":67,"f:241:8:241:Infinity":8,"s:244:21:252:Infinity":68,"s:253:18:261:Infinity":69,"s:262:20:262:Infinity":70,"s:263:4:263:Infinity":71,"s:264:4:264:Infinity":72,"s:267:8:272:Infinity":73,"f:267:8:267:Infinity":9,"s:271:4:271:Infinity":74,"s:274:8:293:Infinity":75,"f:274:8:274:Infinity":10,"s:278:21:286:Infinity":76,"s:287:20:287:Infinity":77,"s:288:4:291:Infinity":78,"f:290:14:290:22":11,"s:290:48:290:61":79,"s:292:4:292:Infinity":80,"s:295:8:301:Infinity":81,"f:295:8:295:34":12,"b:296:4:300:Infinity:298:11:300:Infinity":37,"s:296:4:300:Infinity":82,"b:296:8:296:24:296:24:296:44":38,"s:297:6:297:Infinity":83,"s:299:6:299:Infinity":84,"s:303:8:306:Infinity":85,"f:303:8:303:32":13,"s:304:4:304:Infinity":86,"s:305:4:305:Infinity":87,"s:308:2:1145:Infinity":88,"f:349:12:349:27":14,"s:349:27:349:Infinity":89,"b:366:22:366:34:366:34:366:Infinity":39,"b:376:46:376:52:376:52:376:Infinity":40,"b:376:23:376:35:376:35:376:46":41,"b:377:45:377:57:377:57:377:Infinity":42,"b:377:22:377:34:377:34:377:45":43,"b:381:24:381:38:381:38:381:Infinity":44,"f:396:12:396:27":15,"s:396:27:396:Infinity":90,"f:416:13:416:18":16,"s:416:28:416:37":91,"f:417:13:417:19":17,"s:418:26:418:Infinity":92,"f:418:33:418:39":18,"s:418:45:418:65":93,"s:419:26:419:Infinity":94,"f:419:33:419:39":19,"s:419:45:419:65":95,"s:420:14:420:Infinity":96,"b:420:14:420:60:420:60:420:Infinity":45,"b:420:22:420:35:420:35:420:41":46,"b:420:41:420:54:420:54:420:60":47,"f:422:13:422:18":20,"s:423:25:423:Infinity":97,"f:423:32:423:38":21,"s:423:44:423:62":98,"s:424:30:424:Infinity":99,"b:424:31:424:46:424:46:424:77":48,"b:424:77:424:90:424:90:424:124":49,"s:425:28:425:Infinity":100,"b:425:33:425:63:425:63:425:Infinity":50,"s:427:28:427:Infinity":101,"b:427:49:427:67:427:67:427:Infinity":51,"s:428:27:435:Infinity":102,"b:429:16:429:27:429:27:429:Infinity":52,"b:430:16:430:30:430:30:430:Infinity":53,"b:431:16:431:26:431:26:431:Infinity":54,"b:432:16:432:31:432:31:432:Infinity":55,"b:433:16:433:36:433:36:433:Infinity":56,"b:434:16:434:35:434:35:434:Infinity":57,"s:437:14:446:Infinity":103,"f:444:18:444:32":22,"s:444:32:444:Infinity":104,"f:445:18:445:34":23,"s:445:34:445:Infinity":105,"b:450:9:450:Infinity:451:10:451:Infinity":58,"f:555:12:555:27":24,"s:555:27:555:Infinity":106,"f:571:19:571:24":25,"s:572:12:586:Infinity":107,"b:575:21:575:32:575:32:575:Infinity":59,"b:576:33:576:49:576:49:576:Infinity":60,"b:580:18:580:31:580:31:580:Infinity":61,"b:581:18:581:37:581:37:581:Infinity":62,"f:584:14:584:28":26,"s:584:28:584:Infinity":108,"f:585:14:585:30":27,"s:585:30:585:Infinity":109,"b:589:9:589:Infinity:590:10:590:Infinity":63,"f:605:12:605:22":28,"s:606:14:606:Infinity":110,"s:607:14:607:Infinity":111,"f:619:16:619:21":29,"s:620:24:620:Infinity":112,"f:620:31:620:37":30,"s:620:43:620:68":113,"s:621:24:621:Infinity":114,"f:621:31:621:37":31,"s:621:43:621:66":115,"s:622:28:622:Infinity":116,"b:622:34:622:51:622:51:622:Infinity":64,"s:623:26:623:Infinity":117,"b:623:32:623:49:623:49:623:Infinity":65,"s:624:26:624:Infinity":118,"b:624:27:624:38:624:38:624:57":66,"b:624:57:624:66:624:66:624:79":67,"s:625:12:636:Infinity":119,"b:629:23:629:36:629:36:629:Infinity":68,"b:630:26:630:35:630:35:630:Infinity":69,"b:631:35:631:74:631:74:631:Infinity":70,"b:631:54:631:66:631:66:631:74":71,"f:632:16:632:30":32,"s:632:30:632:Infinity":120,"f:633:16:633:32":33,"s:634:18:634:Infinity":121,"b:640:9:640:Infinity:641:10:641:Infinity":72,"f:655:12:655:27":34,"s:655:27:655:Infinity":122,"f:673:22:673:27":35,"s:674:12:687:Infinity":123,"b:676:35:676:59:676:59:676:Infinity":73,"b:677:21:677:32:677:32:677:Infinity":74,"b:678:54:678:70:678:70:678:Infinity":75,"b:681:17:681:31:681:31:681:55":76,"f:685:14:685:28":36,"s:685:28:685:Infinity":124,"f:686:14:686:30":37,"s:686:30:686:Infinity":125,"b:690:9:690:31:690:31:690:Infinity":77,"f:727:12:727:27":38,"s:727:27:727:Infinity":126,"f:748:24:748:29":39,"s:749:12:760:Infinity":127,"b:752:21:752:32:752:32:752:Infinity":78,"b:753:35:753:52:753:52:753:Infinity":79,"b:756:17:756:29:756:29:756:50":80,"f:758:14:758:28":40,"s:758:28:758:Infinity":128,"f:759:14:759:30":41,"s:759:30:759:Infinity":129,"b:763:9:763:Infinity:764:10:764:Infinity":81,"f:790:12:790:27":42,"s:790:27:790:Infinity":130,"f:804:18:804:23":43,"s:805:12:813:Infinity":131,"b:808:21:808:33:808:33:808:Infinity":82,"b:809:36:809:54:809:54:809:Infinity":83,"f:811:14:811:28":44,"s:811:28:811:Infinity":132,"f:812:14:812:30":45,"s:812:30:812:Infinity":133,"b:816:9:816:27:816:27:816:Infinity":84,"f:829:12:829:27":46,"s:829:27:829:Infinity":134,"f:847:25:847:30":47,"s:848:30:848:Infinity":135,"f:848:44:848:50":48,"s:848:56:848:75":136,"s:849:26:849:Infinity":137,"b:849:38:849:55:849:55:849:Infinity":85,"s:850:12:863:Infinity":138,"b:855:37:855:55:855:55:855:Infinity":86,"b:858:22:858:Infinity:859:22:859:Infinity":87,"f:858:48:858:53":49,"s:858:59:858:86":139,"f:861:16:861:30":50,"s:861:30:861:Infinity":140,"f:862:16:862:32":51,"s:862:32:862:Infinity":141,"b:867:9:867:Infinity:868:10:868:Infinity":88,"b:873:7:873:35:873:35:873:Infinity:874:8:901:Infinity":89,"f:899:12:899:28":52,"s:899:28:899:Infinity":142,"b:904:7:904:38:904:38:904:Infinity:905:8:933:Infinity":90,"f:930:12:930:28":53,"s:930:28:930:Infinity":143,"b:936:7:936:40:936:40:936:Infinity:937:8:964:Infinity":91,"f:961:12:961:28":54,"s:961:28:961:Infinity":144,"b:967:7:967:33:967:33:967:Infinity:968:8:995:Infinity":92,"f:992:12:992:28":55,"s:992:28:992:Infinity":145,"b:998:7:998:41:998:41:998:Infinity:999:8:1027:Infinity":93,"f:1023:12:1023:28":56,"s:1023:28:1023:Infinity":146,"b:1030:7:1030:35:1030:35:1030:Infinity:1031:8:1059:Infinity":94,"f:1056:12:1056:28":57,"s:1056:28:1056:Infinity":147,"b:1062:7:1062:32:1062:32:1062:Infinity:1063:8:1091:Infinity":95,"f:1088:12:1088:28":58,"s:1088:28:1088:Infinity":148,"b:1095:7:1095:Infinity:1096:8:1143:Infinity":96,"b:1097:27:1097:40:1097:40:1097:Infinity":97,"f:1098:10:1098:25":59,"s:1098:25:1098:Infinity":149,"f:1102:16:1102:31":60,"s:1103:18:1103:Infinity":150,"s:1104:18:1104:Infinity":151,"s:1105:18:1105:Infinity":152,"f:1105:18:1105:35":61,"s:1105:35:1105:53":153,"b:1109:34:1109:57:1109:57:1109:Infinity":98,"b:1112:26:1112:38:1112:38:1112:Infinity":99,"f:1114:22:1114:37":62,"s:1114:37:1114:59":154,"f:1140:14:1140:24":63,"s:1140:30:1140:Infinity":155,"f:1160:9:1160:23":64,"s:1169:16:1169:Infinity":156,"s:1171:2:1278:Infinity":157,"b:1177:37:1177:61:1177:61:1177:Infinity":100,"b:1179:28:1179:48:1179:48:1179:Infinity":101,"b:1180:27:1180:58:1180:58:1180:Infinity":102,"f:1185:6:1185:26":65,"s:1185:26:1185:Infinity":158,"f:1186:6:1186:26":66,"s:1186:26:1186:Infinity":159,"b:1195:58:1195:62:1195:62:1195:Infinity":103,"b:1195:26:1195:35:1195:35:1195:43:1195:43:1195:58":104,"b:1201:11:1201:Infinity:1202:12:1212:Infinity":105,"b:1213:9:1213:Infinity:1214:10:1223:Infinity":106,"b:1222:33:1222:60:1222:60:1222:Infinity":107,"b:1225:9:1225:17:1225:17:1225:Infinity:1226:10:1239:Infinity":108,"f:1227:18:1227:23":67,"s:1228:14:1237:Infinity":160,"b:1250:27:1250:31:1250:31:1250:Infinity":109,"f:1255:10:1255:20":68,"s:1256:12:1256:Infinity":161,"s:1257:12:1257:Infinity":162,"f:1268:10:1268:25":69,"s:1269:13:1269:Infinity":163,"f:1271:10:1271:25":70,"s:1272:13:1272:Infinity":164},"fnNames":{}}}
,"/home/alex/Projects/seshat/src/store/appStore.ts": {"path":"/home/alex/Projects/seshat/src/store/appStore.ts","statementMap":{"0":{"start":{"line":8,"column":0},"end":{"line":10,"column":null}},"1":{"start":{"line":106,"column":6},"end":{"line":106,"column":null}},"2":{"start":{"line":106,"column":18},"end":{"line":106,"column":null}},"3":{"start":{"line":108,"column":13},"end":{"line":139,"column":null}},"4":{"start":{"line":108,"column":52},"end":{"line":139,"column":null}},"5":{"start":{"line":141,"column":13},"end":{"line":144,"column":null}},"6":{"start":{"line":146,"column":0},"end":{"line":146,"column":null}}},"fnMap":{"0":{"name":"(anonymous_0)","decl":{"start":{"line":106,"column":6},"end":{"line":106,"column":18}},"loc":{"start":{"line":106,"column":18},"end":{"line":106,"column":null}},"line":106},"1":{"name":"(anonymous_1)","decl":{"start":{"line":108,"column":13},"end":{"line":108,"column":23}},"loc":{"start":{"line":108,"column":52},"end":{"line":139,"column":null}},"line":108}},"branchMap":{},"s":{"0":4,"1":4,"2":40,"3":4,"4":20,"5":4,"6":4},"f":{"0":40,"1":20},"b":{},"meta":{"lastBranch":0,"lastFunction":2,"lastStatement":7,"seen":{"s:8:0:10:Infinity":0,"s:106:6:106:Infinity":1,"f:106:6:106:18":0,"s:106:18:106:Infinity":2,"s:108:13:139:Infinity":3,"f:108:13:108:23":1,"s:108:52:139:Infinity":4,"s:141:13:144:Infinity":5,"s:146:0:146:Infinity":6},"fnNames":{}}}
,"/home/alex/Projects/seshat/src/store/toastStore.ts": {"path":"/home/alex/Projects/seshat/src/store/toastStore.ts","statementMap":{"0":{"start":{"line":3,"column":13},"end":{"line":7,"column":null}},"1":{"start":{"line":9,"column":13},"end":{"line":11,"column":null}},"2":{"start":{"line":10,"column":2},"end":{"line":10,"column":null}},"3":{"start":{"line":13,"column":13},"end":{"line":15,"column":null}},"4":{"start":{"line":14,"column":2},"end":{"line":14,"column":null}}},"fnMap":{"0":{"name":"(anonymous_0)","decl":{"start":{"line":9,"column":13},"end":{"line":9,"column":26}},"loc":{"start":{"line":9,"column":110},"end":{"line":11,"column":null}},"line":9},"1":{"name":"(anonymous_1)","decl":{"start":{"line":13,"column":13},"end":{"line":13,"column":31}},"loc":{"start":{"line":13,"column":31},"end":{"line":15,"column":null}},"line":13}},"branchMap":{"0":{"loc":{"start":{"line":9,"column":43},"end":{"line":9,"column":110}},"type":"default-arg","locations":[{"start":{"line":9,"column":96},"end":{"line":9,"column":110}}],"line":9}},"s":{"0":1,"1":1,"2":2,"3":1,"4":1},"f":{"0":2,"1":1},"b":{"0":[2]},"meta":{"lastBranch":1,"lastFunction":2,"lastStatement":5,"seen":{"s:3:13:7:Infinity":0,"s:9:13:11:Infinity":1,"f:9:13:9:26":0,"b:9:96:9:110":0,"s:10:2:10:Infinity":2,"s:13:13:15:Infinity":3,"f:13:13:13:31":1,"s:14:2:14:Infinity":4},"fnNames":{}}}
}
